[0.184s] Invoking command in '/home/ubuntu/JK/ASU/MAE_598_AV/Offroad_ws/build/vehicle_bringup': CMAKE_PREFIX_PATH=${CMAKE_PREFIX_PATH}:/home/ubuntu/JK/ASU/MAE_598_AV/Offroad_ws/install/robot_control:/opt/ros/humble /usr/bin/cmake /home/ubuntu/JK/ASU/MAE_598_AV/Offroad_ws/src/vehicle_bringup -DCMAKE_INSTALL_PREFIX=/home/ubuntu/JK/ASU/MAE_598_AV/Offroad_ws/install/vehicle_bringup
[0.441s] -- The C compiler identification is GNU 11.4.0
[0.668s] -- The CXX compiler identification is GNU 11.4.0
[0.681s] -- Detecting C compiler ABI info
[0.750s] -- Detecting C compiler ABI info - done
[0.758s] -- Check for working C compiler: /usr/bin/cc - skipped
[0.758s] -- Detecting C compile features
[0.759s] -- Detecting C compile features - done
[0.764s] -- Detecting CXX compiler ABI info
[0.829s] -- Detecting CXX compiler ABI info - done
[0.834s] -- Check for working CXX compiler: /usr/bin/c++ - skipped
[0.834s] -- Detecting CXX compile features
[0.835s] -- Detecting CXX compile features - done
[0.838s] -- Found ament_cmake: 1.3.8 (/opt/ros/humble/share/ament_cmake/cmake)
[0.965s] -- Found Python3: /usr/bin/python3 (found version "3.10.12") found components: Interpreter 
[1.096s] -- Configuring done
[1.099s] -- Generating done
[1.099s] -- Build files have been written to: /home/ubuntu/JK/ASU/MAE_598_AV/Offroad_ws/build/vehicle_bringup
[1.103s] Invoked command in '/home/ubuntu/JK/ASU/MAE_598_AV/Offroad_ws/build/vehicle_bringup' returned '0': CMAKE_PREFIX_PATH=${CMAKE_PREFIX_PATH}:/home/ubuntu/JK/ASU/MAE_598_AV/Offroad_ws/install/robot_control:/opt/ros/humble /usr/bin/cmake /home/ubuntu/JK/ASU/MAE_598_AV/Offroad_ws/src/vehicle_bringup -DCMAKE_INSTALL_PREFIX=/home/ubuntu/JK/ASU/MAE_598_AV/Offroad_ws/install/vehicle_bringup
[1.104s] Invoking command in '/home/ubuntu/JK/ASU/MAE_598_AV/Offroad_ws/build/vehicle_bringup': CMAKE_PREFIX_PATH=${CMAKE_PREFIX_PATH}:/home/ubuntu/JK/ASU/MAE_598_AV/Offroad_ws/install/robot_control:/opt/ros/humble /usr/bin/cmake --build /home/ubuntu/JK/ASU/MAE_598_AV/Offroad_ws/build/vehicle_bringup -- -j12 -l12
[1.130s] Invoked command in '/home/ubuntu/JK/ASU/MAE_598_AV/Offroad_ws/build/vehicle_bringup' returned '0': CMAKE_PREFIX_PATH=${CMAKE_PREFIX_PATH}:/home/ubuntu/JK/ASU/MAE_598_AV/Offroad_ws/install/robot_control:/opt/ros/humble /usr/bin/cmake --build /home/ubuntu/JK/ASU/MAE_598_AV/Offroad_ws/build/vehicle_bringup -- -j12 -l12
[1.151s] Invoking command in '/home/ubuntu/JK/ASU/MAE_598_AV/Offroad_ws/build/vehicle_bringup': CMAKE_PREFIX_PATH=${CMAKE_PREFIX_PATH}:/home/ubuntu/JK/ASU/MAE_598_AV/Offroad_ws/install/robot_control:/opt/ros/humble /usr/bin/cmake --install /home/ubuntu/JK/ASU/MAE_598_AV/Offroad_ws/build/vehicle_bringup
[1.156s] -- Install configuration: ""
[1.156s] -- Installing: /home/ubuntu/JK/ASU/MAE_598_AV/Offroad_ws/install/vehicle_bringup/share/vehicle_bringup/launch
[1.156s] -- Installing: /home/ubuntu/JK/ASU/MAE_598_AV/Offroad_ws/install/vehicle_bringup/share/vehicle_bringup/launch/testing.launch.py
[1.156s] -- Installing: /home/ubuntu/JK/ASU/MAE_598_AV/Offroad_ws/install/vehicle_bringup/share/vehicle_bringup/launch/default.launch.py
[1.157s] -- Installing: /home/ubuntu/JK/ASU/MAE_598_AV/Offroad_ws/install/vehicle_bringup/share/ament_index/resource_index/package_run_dependencies/vehicle_bringup
[1.157s] -- Installing: /home/ubuntu/JK/ASU/MAE_598_AV/Offroad_ws/install/vehicle_bringup/share/ament_index/resource_index/parent_prefix_path/vehicle_bringup
[1.157s] -- Installing: /home/ubuntu/JK/ASU/MAE_598_AV/Offroad_ws/install/vehicle_bringup/share/vehicle_bringup/environment/ament_prefix_path.sh
[1.157s] -- Installing: /home/ubuntu/JK/ASU/MAE_598_AV/Offroad_ws/install/vehicle_bringup/share/vehicle_bringup/environment/ament_prefix_path.dsv
[1.157s] -- Installing: /home/ubuntu/JK/ASU/MAE_598_AV/Offroad_ws/install/vehicle_bringup/share/vehicle_bringup/environment/path.sh
[1.157s] -- Installing: /home/ubuntu/JK/ASU/MAE_598_AV/Offroad_ws/install/vehicle_bringup/share/vehicle_bringup/environment/path.dsv
[1.158s] -- Installing: /home/ubuntu/JK/ASU/MAE_598_AV/Offroad_ws/install/vehicle_bringup/share/vehicle_bringup/local_setup.bash
[1.158s] -- Installing: /home/ubuntu/JK/ASU/MAE_598_AV/Offroad_ws/install/vehicle_bringup/share/vehicle_bringup/local_setup.sh
[1.158s] -- Installing: /home/ubuntu/JK/ASU/MAE_598_AV/Offroad_ws/install/vehicle_bringup/share/vehicle_bringup/local_setup.zsh
[1.158s] -- Installing: /home/ubuntu/JK/ASU/MAE_598_AV/Offroad_ws/install/vehicle_bringup/share/vehicle_bringup/local_setup.dsv
[1.159s] -- Installing: /home/ubuntu/JK/ASU/MAE_598_AV/Offroad_ws/install/vehicle_bringup/share/vehicle_bringup/package.dsv
[1.159s] -- Installing: /home/ubuntu/JK/ASU/MAE_598_AV/Offroad_ws/install/vehicle_bringup/share/ament_index/resource_index/packages/vehicle_bringup
[1.159s] -- Installing: /home/ubuntu/JK/ASU/MAE_598_AV/Offroad_ws/install/vehicle_bringup/share/vehicle_bringup/cmake/vehicle_bringupConfig.cmake
[1.159s] -- Installing: /home/ubuntu/JK/ASU/MAE_598_AV/Offroad_ws/install/vehicle_bringup/share/vehicle_bringup/cmake/vehicle_bringupConfig-version.cmake
[1.159s] -- Installing: /home/ubuntu/JK/ASU/MAE_598_AV/Offroad_ws/install/vehicle_bringup/share/vehicle_bringup/package.xml
[1.159s] Invoked command in '/home/ubuntu/JK/ASU/MAE_598_AV/Offroad_ws/build/vehicle_bringup' returned '0': CMAKE_PREFIX_PATH=${CMAKE_PREFIX_PATH}:/home/ubuntu/JK/ASU/MAE_598_AV/Offroad_ws/install/robot_control:/opt/ros/humble /usr/bin/cmake --install /home/ubuntu/JK/ASU/MAE_598_AV/Offroad_ws/build/vehicle_bringup
