[0.063s] DEBUG:colcon:Command line arguments: ['/usr/bin/colcon', 'build']
[0.063s] DEBUG:colcon:Parsed command line arguments: Namespace(log_base=None, log_level=None, verb_name='build', build_base='build', install_base='install', merge_install=False, symlink_install=False, test_result_base=None, continue_on_error=False, executor='parallel', parallel_workers=12, event_handlers=None, ignore_user_meta=False, metas=['./colcon.meta'], base_paths=['.'], packages_ignore=None, packages_ignore_regex=None, paths=None, packages_up_to=None, packages_up_to_regex=None, packages_above=None, packages_above_and_dependencies=None, packages_above_depth=None, packages_select_by_dep=None, packages_skip_by_dep=None, packages_skip_up_to=None, packages_select_build_failed=False, packages_skip_build_finished=False, packages_select_test_failures=False, packages_skip_test_passed=False, packages_select=None, packages_skip=None, packages_select_regex=None, packages_skip_regex=None, packages_start=None, packages_end=None, allow_overriding=[], cmake_args=None, cmake_target=None, cmake_target_skip_unavailable=False, cmake_clean_cache=False, cmake_clean_first=False, cmake_force_configure=False, ament_cmake_args=None, catkin_cmake_args=None, catkin_skip_building_tests=False, mixin_files=None, mixin=None, verb_parser=<colcon_mixin.mixin.mixin_argument.MixinArgumentDecorator object at 0x7ff6795760e0>, verb_extension=<colcon_core.verb.build.BuildVerb object at 0x7ff6795756f0>, main=<bound method BuildVerb.main of <colcon_core.verb.build.BuildVerb object at 0x7ff6795756f0>>, mixin_verb=('build',))
[0.175s] Level 1:colcon.colcon_core.package_discovery:discover_packages(colcon_meta) check parameters
[0.176s] Level 1:colcon.colcon_core.package_discovery:discover_packages(recursive) check parameters
[0.176s] Level 1:colcon.colcon_core.package_discovery:discover_packages(ignore) check parameters
[0.176s] Level 1:colcon.colcon_core.package_discovery:discover_packages(path) check parameters
[0.176s] Level 1:colcon.colcon_core.package_discovery:discover_packages(colcon_meta) discover
[0.176s] Level 1:colcon.colcon_core.package_discovery:discover_packages(recursive) discover
[0.176s] INFO:colcon.colcon_core.package_discovery:Crawling recursively for packages in '/home/ubuntu/JK/ASU/MAE_598_AV/Offroad_ws'
[0.176s] Level 1:colcon.colcon_core.package_identification:_identify(.) by extensions ['ignore', 'ignore_ament_install']
[0.176s] Level 1:colcon.colcon_core.package_identification:_identify(.) by extension 'ignore'
[0.176s] Level 1:colcon.colcon_core.package_identification:_identify(.) by extension 'ignore_ament_install'
[0.176s] Level 1:colcon.colcon_core.package_identification:_identify(.) by extensions ['colcon_pkg']
[0.176s] Level 1:colcon.colcon_core.package_identification:_identify(.) by extension 'colcon_pkg'
[0.176s] Level 1:colcon.colcon_core.package_identification:_identify(.) by extensions ['colcon_meta']
[0.176s] Level 1:colcon.colcon_core.package_identification:_identify(.) by extension 'colcon_meta'
[0.176s] Level 1:colcon.colcon_core.package_identification:_identify(.) by extensions ['ros']
[0.176s] Level 1:colcon.colcon_core.package_identification:_identify(.) by extension 'ros'
[0.186s] Level 1:colcon.colcon_core.package_identification:_identify(.) by extensions ['cmake', 'python']
[0.186s] Level 1:colcon.colcon_core.package_identification:_identify(.) by extension 'cmake'
[0.186s] Level 1:colcon.colcon_core.package_identification:_identify(.) by extension 'python'
[0.186s] Level 1:colcon.colcon_core.package_identification:_identify(.) by extensions ['python_setup_py']
[0.186s] Level 1:colcon.colcon_core.package_identification:_identify(.) by extension 'python_setup_py'
[0.186s] Level 1:colcon.colcon_core.package_identification:_identify(build) by extensions ['ignore', 'ignore_ament_install']
[0.187s] Level 1:colcon.colcon_core.package_identification:_identify(build) by extension 'ignore'
[0.187s] Level 1:colcon.colcon_core.package_identification:_identify(build) ignored
[0.187s] Level 1:colcon.colcon_core.package_identification:_identify(install) by extensions ['ignore', 'ignore_ament_install']
[0.187s] Level 1:colcon.colcon_core.package_identification:_identify(install) by extension 'ignore'
[0.187s] Level 1:colcon.colcon_core.package_identification:_identify(install) ignored
[0.187s] Level 1:colcon.colcon_core.package_identification:_identify(log) by extensions ['ignore', 'ignore_ament_install']
[0.187s] Level 1:colcon.colcon_core.package_identification:_identify(log) by extension 'ignore'
[0.187s] Level 1:colcon.colcon_core.package_identification:_identify(log) ignored
[0.187s] Level 1:colcon.colcon_core.package_identification:_identify(src) by extensions ['ignore', 'ignore_ament_install']
[0.187s] Level 1:colcon.colcon_core.package_identification:_identify(src) by extension 'ignore'
[0.187s] Level 1:colcon.colcon_core.package_identification:_identify(src) by extension 'ignore_ament_install'
[0.187s] Level 1:colcon.colcon_core.package_identification:_identify(src) by extensions ['colcon_pkg']
[0.187s] Level 1:colcon.colcon_core.package_identification:_identify(src) by extension 'colcon_pkg'
[0.187s] Level 1:colcon.colcon_core.package_identification:_identify(src) by extensions ['colcon_meta']
[0.187s] Level 1:colcon.colcon_core.package_identification:_identify(src) by extension 'colcon_meta'
[0.187s] Level 1:colcon.colcon_core.package_identification:_identify(src) by extensions ['ros']
[0.187s] Level 1:colcon.colcon_core.package_identification:_identify(src) by extension 'ros'
[0.187s] Level 1:colcon.colcon_core.package_identification:_identify(src) by extensions ['cmake', 'python']
[0.187s] Level 1:colcon.colcon_core.package_identification:_identify(src) by extension 'cmake'
[0.187s] Level 1:colcon.colcon_core.package_identification:_identify(src) by extension 'python'
[0.187s] Level 1:colcon.colcon_core.package_identification:_identify(src) by extensions ['python_setup_py']
[0.187s] Level 1:colcon.colcon_core.package_identification:_identify(src) by extension 'python_setup_py'
[0.187s] Level 1:colcon.colcon_core.package_identification:_identify(src/robot_control) by extensions ['ignore', 'ignore_ament_install']
[0.187s] Level 1:colcon.colcon_core.package_identification:_identify(src/robot_control) by extension 'ignore'
[0.187s] Level 1:colcon.colcon_core.package_identification:_identify(src/robot_control) by extension 'ignore_ament_install'
[0.188s] Level 1:colcon.colcon_core.package_identification:_identify(src/robot_control) by extensions ['colcon_pkg']
[0.188s] Level 1:colcon.colcon_core.package_identification:_identify(src/robot_control) by extension 'colcon_pkg'
[0.188s] Level 1:colcon.colcon_core.package_identification:_identify(src/robot_control) by extensions ['colcon_meta']
[0.188s] Level 1:colcon.colcon_core.package_identification:_identify(src/robot_control) by extension 'colcon_meta'
[0.188s] Level 1:colcon.colcon_core.package_identification:_identify(src/robot_control) by extensions ['ros']
[0.188s] Level 1:colcon.colcon_core.package_identification:_identify(src/robot_control) by extension 'ros'
[0.190s] DEBUG:colcon.colcon_core.package_identification:Package 'src/robot_control' with type 'ros.ament_python' and name 'robot_control'
[0.190s] Level 1:colcon.colcon_core.package_identification:_identify(src/vehicle_bringup) by extensions ['ignore', 'ignore_ament_install']
[0.190s] Level 1:colcon.colcon_core.package_identification:_identify(src/vehicle_bringup) by extension 'ignore'
[0.190s] Level 1:colcon.colcon_core.package_identification:_identify(src/vehicle_bringup) by extension 'ignore_ament_install'
[0.190s] Level 1:colcon.colcon_core.package_identification:_identify(src/vehicle_bringup) by extensions ['colcon_pkg']
[0.190s] Level 1:colcon.colcon_core.package_identification:_identify(src/vehicle_bringup) by extension 'colcon_pkg'
[0.190s] Level 1:colcon.colcon_core.package_identification:_identify(src/vehicle_bringup) by extensions ['colcon_meta']
[0.190s] Level 1:colcon.colcon_core.package_identification:_identify(src/vehicle_bringup) by extension 'colcon_meta'
[0.190s] Level 1:colcon.colcon_core.package_identification:_identify(src/vehicle_bringup) by extensions ['ros']
[0.190s] Level 1:colcon.colcon_core.package_identification:_identify(src/vehicle_bringup) by extension 'ros'
[0.191s] DEBUG:colcon.colcon_core.package_identification:Package 'src/vehicle_bringup' with type 'ros.ament_cmake' and name 'vehicle_bringup'
[0.191s] Level 1:colcon.colcon_core.package_discovery:discover_packages(recursive) using defaults
[0.191s] Level 1:colcon.colcon_core.package_discovery:discover_packages(ignore) discover
[0.191s] Level 1:colcon.colcon_core.package_discovery:discover_packages(ignore) using defaults
[0.191s] Level 1:colcon.colcon_core.package_discovery:discover_packages(path) discover
[0.191s] Level 1:colcon.colcon_core.package_discovery:discover_packages(path) using defaults
[0.212s] Level 1:colcon.colcon_core.package_discovery:discover_packages(prefix_path) check parameters
[0.213s] Level 1:colcon.colcon_core.package_discovery:discover_packages(prefix_path) discover
[0.213s] WARNING:colcon.colcon_ros.prefix_path.ament:The path '/home/ubuntu/JK/ASU/MAE_598_AV/Offroad_ws/install/vehicle_bringup' in the environment variable AMENT_PREFIX_PATH doesn't exist
[0.213s] WARNING:colcon.colcon_ros.prefix_path.ament:The path '/home/ubuntu/JK/ASU/MAE_598_AV/Offroad_ws/install/robot_control' in the environment variable AMENT_PREFIX_PATH doesn't exist
[0.213s] WARNING:colcon.colcon_ros.prefix_path.catkin:The path '/home/ubuntu/JK/ASU/MAE_598_AV/Offroad_ws/install/vehicle_bringup' in the environment variable CMAKE_PREFIX_PATH doesn't exist
[0.214s] DEBUG:colcon.colcon_installed_package_information.package_discovery:Found 0 installed packages in /home/ubuntu/JK/ASU/MAE_598_AV/Offroad_ws/install
[0.214s] DEBUG:colcon.colcon_installed_package_information.package_discovery:Found 278 installed packages in /opt/ros/humble
[0.215s] Level 1:colcon.colcon_core.package_discovery:discover_packages(prefix_path) using defaults
[0.238s] Level 5:colcon.colcon_core.verb:set package 'robot_control' build argument 'cmake_args' from command line to 'None'
[0.238s] Level 5:colcon.colcon_core.verb:set package 'robot_control' build argument 'cmake_target' from command line to 'None'
[0.238s] Level 5:colcon.colcon_core.verb:set package 'robot_control' build argument 'cmake_target_skip_unavailable' from command line to 'False'
[0.238s] Level 5:colcon.colcon_core.verb:set package 'robot_control' build argument 'cmake_clean_cache' from command line to 'False'
[0.239s] Level 5:colcon.colcon_core.verb:set package 'robot_control' build argument 'cmake_clean_first' from command line to 'False'
[0.239s] Level 5:colcon.colcon_core.verb:set package 'robot_control' build argument 'cmake_force_configure' from command line to 'False'
[0.239s] Level 5:colcon.colcon_core.verb:set package 'robot_control' build argument 'ament_cmake_args' from command line to 'None'
[0.239s] Level 5:colcon.colcon_core.verb:set package 'robot_control' build argument 'catkin_cmake_args' from command line to 'None'
[0.239s] Level 5:colcon.colcon_core.verb:set package 'robot_control' build argument 'catkin_skip_building_tests' from command line to 'False'
[0.239s] DEBUG:colcon.colcon_core.verb:Building package 'robot_control' with the following arguments: {'ament_cmake_args': None, 'build_base': '/home/ubuntu/JK/ASU/MAE_598_AV/Offroad_ws/build/robot_control', 'catkin_cmake_args': None, 'catkin_skip_building_tests': False, 'cmake_args': None, 'cmake_clean_cache': False, 'cmake_clean_first': False, 'cmake_force_configure': False, 'cmake_target': None, 'cmake_target_skip_unavailable': False, 'install_base': '/home/ubuntu/JK/ASU/MAE_598_AV/Offroad_ws/install/robot_control', 'merge_install': False, 'path': '/home/ubuntu/JK/ASU/MAE_598_AV/Offroad_ws/src/robot_control', 'symlink_install': False, 'test_result_base': None}
[0.239s] Level 5:colcon.colcon_core.verb:set package 'vehicle_bringup' build argument 'cmake_args' from command line to 'None'
[0.239s] Level 5:colcon.colcon_core.verb:set package 'vehicle_bringup' build argument 'cmake_target' from command line to 'None'
[0.239s] Level 5:colcon.colcon_core.verb:set package 'vehicle_bringup' build argument 'cmake_target_skip_unavailable' from command line to 'False'
[0.239s] Level 5:colcon.colcon_core.verb:set package 'vehicle_bringup' build argument 'cmake_clean_cache' from command line to 'False'
[0.239s] Level 5:colcon.colcon_core.verb:set package 'vehicle_bringup' build argument 'cmake_clean_first' from command line to 'False'
[0.239s] Level 5:colcon.colcon_core.verb:set package 'vehicle_bringup' build argument 'cmake_force_configure' from command line to 'False'
[0.239s] Level 5:colcon.colcon_core.verb:set package 'vehicle_bringup' build argument 'ament_cmake_args' from command line to 'None'
[0.239s] Level 5:colcon.colcon_core.verb:set package 'vehicle_bringup' build argument 'catkin_cmake_args' from command line to 'None'
[0.239s] Level 5:colcon.colcon_core.verb:set package 'vehicle_bringup' build argument 'catkin_skip_building_tests' from command line to 'False'
[0.239s] DEBUG:colcon.colcon_core.verb:Building package 'vehicle_bringup' with the following arguments: {'ament_cmake_args': None, 'build_base': '/home/ubuntu/JK/ASU/MAE_598_AV/Offroad_ws/build/vehicle_bringup', 'catkin_cmake_args': None, 'catkin_skip_building_tests': False, 'cmake_args': None, 'cmake_clean_cache': False, 'cmake_clean_first': False, 'cmake_force_configure': False, 'cmake_target': None, 'cmake_target_skip_unavailable': False, 'install_base': '/home/ubuntu/JK/ASU/MAE_598_AV/Offroad_ws/install/vehicle_bringup', 'merge_install': False, 'path': '/home/ubuntu/JK/ASU/MAE_598_AV/Offroad_ws/src/vehicle_bringup', 'symlink_install': False, 'test_result_base': None}
[0.240s] INFO:colcon.colcon_core.executor:Executing jobs using 'parallel' executor
[0.240s] DEBUG:colcon.colcon_parallel_executor.executor.parallel:run_until_complete
[0.241s] INFO:colcon.colcon_ros.task.ament_python.build:Building ROS package in '/home/ubuntu/JK/ASU/MAE_598_AV/Offroad_ws/src/robot_control' with build type 'ament_python'
[0.241s] Level 1:colcon.colcon_core.shell:create_environment_hook('robot_control', 'ament_prefix_path')
[0.243s] INFO:colcon.colcon_core.plugin_system:Skipping extension 'colcon_core.shell.bat': Not used on non-Windows systems
[0.243s] INFO:colcon.colcon_core.shell:Creating environment hook '/home/ubuntu/JK/ASU/MAE_598_AV/Offroad_ws/install/robot_control/share/robot_control/hook/ament_prefix_path.ps1'
[0.244s] INFO:colcon.colcon_core.shell:Creating environment descriptor '/home/ubuntu/JK/ASU/MAE_598_AV/Offroad_ws/install/robot_control/share/robot_control/hook/ament_prefix_path.dsv'
[0.244s] INFO:colcon.colcon_core.shell:Creating environment hook '/home/ubuntu/JK/ASU/MAE_598_AV/Offroad_ws/install/robot_control/share/robot_control/hook/ament_prefix_path.sh'
[0.245s] INFO:colcon.colcon_core.shell:Skip shell extension 'powershell' for command environment: Not usable outside of PowerShell
[0.245s] DEBUG:colcon.colcon_core.shell:Skip shell extension 'dsv' for command environment
[0.247s] INFO:colcon.colcon_ros.task.ament_cmake.build:Building ROS package in '/home/ubuntu/JK/ASU/MAE_598_AV/Offroad_ws/src/vehicle_bringup' with build type 'ament_cmake'
[0.247s] INFO:colcon.colcon_cmake.task.cmake.build:Building CMake package in '/home/ubuntu/JK/ASU/MAE_598_AV/Offroad_ws/src/vehicle_bringup'
[0.247s] INFO:colcon.colcon_core.shell:Skip shell extension 'powershell' for command environment: Not usable outside of PowerShell
[0.247s] DEBUG:colcon.colcon_core.shell:Skip shell extension 'dsv' for command environment
[0.424s] INFO:colcon.colcon_core.task.python.build:Building Python package in '/home/ubuntu/JK/ASU/MAE_598_AV/Offroad_ws/src/robot_control'
[0.424s] INFO:colcon.colcon_core.shell:Skip shell extension 'powershell' for command environment: Not usable outside of PowerShell
[0.424s] DEBUG:colcon.colcon_core.shell:Skip shell extension 'dsv' for command environment
[0.431s] DEBUG:colcon.colcon_core.event_handler.log_command:Invoking command in '/home/ubuntu/JK/ASU/MAE_598_AV/Offroad_ws/build/vehicle_bringup': CMAKE_PREFIX_PATH=${CMAKE_PREFIX_PATH}:/home/ubuntu/JK/ASU/MAE_598_AV/Offroad_ws/install/robot_control:/opt/ros/humble /usr/bin/cmake /home/ubuntu/JK/ASU/MAE_598_AV/Offroad_ws/src/vehicle_bringup -DCMAKE_INSTALL_PREFIX=/home/ubuntu/JK/ASU/MAE_598_AV/Offroad_ws/install/vehicle_bringup
[0.723s] DEBUG:colcon.colcon_core.event_handler.log_command:Invoking command in '/home/ubuntu/JK/ASU/MAE_598_AV/Offroad_ws/src/robot_control': PYTHONPATH=/home/ubuntu/JK/ASU/MAE_598_AV/Offroad_ws/build/robot_control/prefix_override:/home/ubuntu/JK/ASU/MAE_598_AV/Offroad_ws/install/robot_control/lib/python3.10/site-packages:${PYTHONPATH} /usr/bin/python3 -W ignore:setup.py install is deprecated setup.py egg_info --egg-base ../../build/robot_control build --build-base /home/ubuntu/JK/ASU/MAE_598_AV/Offroad_ws/build/robot_control/build install --record /home/ubuntu/JK/ASU/MAE_598_AV/Offroad_ws/build/robot_control/install.log --single-version-externally-managed install_data
[0.973s] DEBUG:colcon.colcon_core.event_handler.log_command:Invoked command in '/home/ubuntu/JK/ASU/MAE_598_AV/Offroad_ws/src/robot_control' returned '0': PYTHONPATH=/home/ubuntu/JK/ASU/MAE_598_AV/Offroad_ws/build/robot_control/prefix_override:/home/ubuntu/JK/ASU/MAE_598_AV/Offroad_ws/install/robot_control/lib/python3.10/site-packages:${PYTHONPATH} /usr/bin/python3 -W ignore:setup.py install is deprecated setup.py egg_info --egg-base ../../build/robot_control build --build-base /home/ubuntu/JK/ASU/MAE_598_AV/Offroad_ws/build/robot_control/build install --record /home/ubuntu/JK/ASU/MAE_598_AV/Offroad_ws/build/robot_control/install.log --single-version-externally-managed install_data
[0.974s] Level 1:colcon.colcon_core.environment:checking '/home/ubuntu/JK/ASU/MAE_598_AV/Offroad_ws/install/robot_control' for CMake module files
[0.975s] Level 1:colcon.colcon_core.environment:checking '/home/ubuntu/JK/ASU/MAE_598_AV/Offroad_ws/install/robot_control' for CMake config files
[0.976s] Level 1:colcon.colcon_core.environment:checking '/home/ubuntu/JK/ASU/MAE_598_AV/Offroad_ws/install/robot_control/lib'
[0.976s] Level 1:colcon.colcon_core.environment:checking '/home/ubuntu/JK/ASU/MAE_598_AV/Offroad_ws/install/robot_control/bin'
[0.976s] Level 1:colcon.colcon_core.environment:checking '/home/ubuntu/JK/ASU/MAE_598_AV/Offroad_ws/install/robot_control/lib/pkgconfig/robot_control.pc'
[0.976s] Level 1:colcon.colcon_core.environment:checking '/home/ubuntu/JK/ASU/MAE_598_AV/Offroad_ws/install/robot_control/lib/python3.10/site-packages'
[0.976s] Level 1:colcon.colcon_core.shell:create_environment_hook('robot_control', 'pythonpath')
[0.976s] INFO:colcon.colcon_core.shell:Creating environment hook '/home/ubuntu/JK/ASU/MAE_598_AV/Offroad_ws/install/robot_control/share/robot_control/hook/pythonpath.ps1'
[0.977s] INFO:colcon.colcon_core.shell:Creating environment descriptor '/home/ubuntu/JK/ASU/MAE_598_AV/Offroad_ws/install/robot_control/share/robot_control/hook/pythonpath.dsv'
[0.977s] INFO:colcon.colcon_core.shell:Creating environment hook '/home/ubuntu/JK/ASU/MAE_598_AV/Offroad_ws/install/robot_control/share/robot_control/hook/pythonpath.sh'
[0.977s] Level 1:colcon.colcon_core.environment:checking '/home/ubuntu/JK/ASU/MAE_598_AV/Offroad_ws/install/robot_control/bin'
[0.977s] Level 1:colcon.colcon_core.environment:create_environment_scripts_only(robot_control)
[0.978s] INFO:colcon.colcon_core.shell:Creating package script '/home/ubuntu/JK/ASU/MAE_598_AV/Offroad_ws/install/robot_control/share/robot_control/package.ps1'
[0.978s] INFO:colcon.colcon_core.shell:Creating package descriptor '/home/ubuntu/JK/ASU/MAE_598_AV/Offroad_ws/install/robot_control/share/robot_control/package.dsv'
[0.979s] INFO:colcon.colcon_core.shell:Creating package script '/home/ubuntu/JK/ASU/MAE_598_AV/Offroad_ws/install/robot_control/share/robot_control/package.sh'
[0.979s] INFO:colcon.colcon_core.shell:Creating package script '/home/ubuntu/JK/ASU/MAE_598_AV/Offroad_ws/install/robot_control/share/robot_control/package.bash'
[0.979s] INFO:colcon.colcon_core.shell:Creating package script '/home/ubuntu/JK/ASU/MAE_598_AV/Offroad_ws/install/robot_control/share/robot_control/package.zsh'
[0.980s] Level 1:colcon.colcon_core.environment:create_file_with_runtime_dependencies(/home/ubuntu/JK/ASU/MAE_598_AV/Offroad_ws/install/robot_control/share/colcon-core/packages/robot_control)
[1.350s] DEBUG:colcon.colcon_core.event_handler.log_command:Invoked command in '/home/ubuntu/JK/ASU/MAE_598_AV/Offroad_ws/build/vehicle_bringup' returned '0': CMAKE_PREFIX_PATH=${CMAKE_PREFIX_PATH}:/home/ubuntu/JK/ASU/MAE_598_AV/Offroad_ws/install/robot_control:/opt/ros/humble /usr/bin/cmake /home/ubuntu/JK/ASU/MAE_598_AV/Offroad_ws/src/vehicle_bringup -DCMAKE_INSTALL_PREFIX=/home/ubuntu/JK/ASU/MAE_598_AV/Offroad_ws/install/vehicle_bringup
[1.351s] DEBUG:colcon.colcon_core.event_handler.log_command:Invoking command in '/home/ubuntu/JK/ASU/MAE_598_AV/Offroad_ws/build/vehicle_bringup': CMAKE_PREFIX_PATH=${CMAKE_PREFIX_PATH}:/home/ubuntu/JK/ASU/MAE_598_AV/Offroad_ws/install/robot_control:/opt/ros/humble /usr/bin/cmake --build /home/ubuntu/JK/ASU/MAE_598_AV/Offroad_ws/build/vehicle_bringup -- -j12 -l12
[1.377s] DEBUG:colcon.colcon_core.event_handler.log_command:Invoked command in '/home/ubuntu/JK/ASU/MAE_598_AV/Offroad_ws/build/vehicle_bringup' returned '0': CMAKE_PREFIX_PATH=${CMAKE_PREFIX_PATH}:/home/ubuntu/JK/ASU/MAE_598_AV/Offroad_ws/install/robot_control:/opt/ros/humble /usr/bin/cmake --build /home/ubuntu/JK/ASU/MAE_598_AV/Offroad_ws/build/vehicle_bringup -- -j12 -l12
[1.399s] DEBUG:colcon.colcon_core.event_handler.log_command:Invoking command in '/home/ubuntu/JK/ASU/MAE_598_AV/Offroad_ws/build/vehicle_bringup': CMAKE_PREFIX_PATH=${CMAKE_PREFIX_PATH}:/home/ubuntu/JK/ASU/MAE_598_AV/Offroad_ws/install/robot_control:/opt/ros/humble /usr/bin/cmake --install /home/ubuntu/JK/ASU/MAE_598_AV/Offroad_ws/build/vehicle_bringup
[1.406s] Level 1:colcon.colcon_core.environment:create_environment_scripts_only(vehicle_bringup)
[1.406s] Level 1:colcon.colcon_core.environment:checking '/home/ubuntu/JK/ASU/MAE_598_AV/Offroad_ws/install/vehicle_bringup' for CMake module files
[1.407s] DEBUG:colcon.colcon_core.event_handler.log_command:Invoked command in '/home/ubuntu/JK/ASU/MAE_598_AV/Offroad_ws/build/vehicle_bringup' returned '0': CMAKE_PREFIX_PATH=${CMAKE_PREFIX_PATH}:/home/ubuntu/JK/ASU/MAE_598_AV/Offroad_ws/install/robot_control:/opt/ros/humble /usr/bin/cmake --install /home/ubuntu/JK/ASU/MAE_598_AV/Offroad_ws/build/vehicle_bringup
[1.407s] Level 1:colcon.colcon_core.environment:checking '/home/ubuntu/JK/ASU/MAE_598_AV/Offroad_ws/install/vehicle_bringup' for CMake config files
[1.407s] Level 1:colcon.colcon_core.shell:create_environment_hook('vehicle_bringup', 'cmake_prefix_path')
[1.407s] INFO:colcon.colcon_core.shell:Creating environment hook '/home/ubuntu/JK/ASU/MAE_598_AV/Offroad_ws/install/vehicle_bringup/share/vehicle_bringup/hook/cmake_prefix_path.ps1'
[1.408s] INFO:colcon.colcon_core.shell:Creating environment descriptor '/home/ubuntu/JK/ASU/MAE_598_AV/Offroad_ws/install/vehicle_bringup/share/vehicle_bringup/hook/cmake_prefix_path.dsv'
[1.408s] INFO:colcon.colcon_core.shell:Creating environment hook '/home/ubuntu/JK/ASU/MAE_598_AV/Offroad_ws/install/vehicle_bringup/share/vehicle_bringup/hook/cmake_prefix_path.sh'
[1.408s] Level 1:colcon.colcon_core.environment:checking '/home/ubuntu/JK/ASU/MAE_598_AV/Offroad_ws/install/vehicle_bringup/bin'
[1.408s] Level 1:colcon.colcon_core.environment:checking '/home/ubuntu/JK/ASU/MAE_598_AV/Offroad_ws/install/vehicle_bringup/lib/pkgconfig/vehicle_bringup.pc'
[1.408s] Level 1:colcon.colcon_core.environment:checking '/home/ubuntu/JK/ASU/MAE_598_AV/Offroad_ws/install/vehicle_bringup/lib/python3.10/site-packages'
[1.408s] Level 1:colcon.colcon_core.environment:checking '/home/ubuntu/JK/ASU/MAE_598_AV/Offroad_ws/install/vehicle_bringup/bin'
[1.409s] INFO:colcon.colcon_core.shell:Creating package script '/home/ubuntu/JK/ASU/MAE_598_AV/Offroad_ws/install/vehicle_bringup/share/vehicle_bringup/package.ps1'
[1.409s] INFO:colcon.colcon_core.shell:Creating package descriptor '/home/ubuntu/JK/ASU/MAE_598_AV/Offroad_ws/install/vehicle_bringup/share/vehicle_bringup/package.dsv'
[1.409s] INFO:colcon.colcon_core.shell:Creating package script '/home/ubuntu/JK/ASU/MAE_598_AV/Offroad_ws/install/vehicle_bringup/share/vehicle_bringup/package.sh'
[1.409s] INFO:colcon.colcon_core.shell:Creating package script '/home/ubuntu/JK/ASU/MAE_598_AV/Offroad_ws/install/vehicle_bringup/share/vehicle_bringup/package.bash'
[1.409s] INFO:colcon.colcon_core.shell:Creating package script '/home/ubuntu/JK/ASU/MAE_598_AV/Offroad_ws/install/vehicle_bringup/share/vehicle_bringup/package.zsh'
[1.410s] Level 1:colcon.colcon_core.environment:create_file_with_runtime_dependencies(/home/ubuntu/JK/ASU/MAE_598_AV/Offroad_ws/install/vehicle_bringup/share/colcon-core/packages/vehicle_bringup)
[1.424s] Level 1:colcon.colcon_core.environment:create_environment_scripts_only(vehicle_bringup)
[1.424s] Level 1:colcon.colcon_core.environment:checking '/home/ubuntu/JK/ASU/MAE_598_AV/Offroad_ws/install/vehicle_bringup' for CMake module files
[1.424s] Level 1:colcon.colcon_core.environment:checking '/home/ubuntu/JK/ASU/MAE_598_AV/Offroad_ws/install/vehicle_bringup' for CMake config files
[1.424s] Level 1:colcon.colcon_core.shell:create_environment_hook('vehicle_bringup', 'cmake_prefix_path')
[1.424s] INFO:colcon.colcon_core.shell:Creating environment hook '/home/ubuntu/JK/ASU/MAE_598_AV/Offroad_ws/install/vehicle_bringup/share/vehicle_bringup/hook/cmake_prefix_path.ps1'
[1.424s] INFO:colcon.colcon_core.shell:Creating environment descriptor '/home/ubuntu/JK/ASU/MAE_598_AV/Offroad_ws/install/vehicle_bringup/share/vehicle_bringup/hook/cmake_prefix_path.dsv'
[1.425s] INFO:colcon.colcon_core.shell:Creating environment hook '/home/ubuntu/JK/ASU/MAE_598_AV/Offroad_ws/install/vehicle_bringup/share/vehicle_bringup/hook/cmake_prefix_path.sh'
[1.425s] Level 1:colcon.colcon_core.environment:checking '/home/ubuntu/JK/ASU/MAE_598_AV/Offroad_ws/install/vehicle_bringup/bin'
[1.425s] Level 1:colcon.colcon_core.environment:checking '/home/ubuntu/JK/ASU/MAE_598_AV/Offroad_ws/install/vehicle_bringup/lib/pkgconfig/vehicle_bringup.pc'
[1.425s] Level 1:colcon.colcon_core.environment:checking '/home/ubuntu/JK/ASU/MAE_598_AV/Offroad_ws/install/vehicle_bringup/lib/python3.10/site-packages'
[1.425s] Level 1:colcon.colcon_core.environment:checking '/home/ubuntu/JK/ASU/MAE_598_AV/Offroad_ws/install/vehicle_bringup/bin'
[1.425s] INFO:colcon.colcon_core.shell:Creating package script '/home/ubuntu/JK/ASU/MAE_598_AV/Offroad_ws/install/vehicle_bringup/share/vehicle_bringup/package.ps1'
[1.426s] INFO:colcon.colcon_core.shell:Creating package descriptor '/home/ubuntu/JK/ASU/MAE_598_AV/Offroad_ws/install/vehicle_bringup/share/vehicle_bringup/package.dsv'
[1.426s] INFO:colcon.colcon_core.shell:Creating package script '/home/ubuntu/JK/ASU/MAE_598_AV/Offroad_ws/install/vehicle_bringup/share/vehicle_bringup/package.sh'
[1.426s] INFO:colcon.colcon_core.shell:Creating package script '/home/ubuntu/JK/ASU/MAE_598_AV/Offroad_ws/install/vehicle_bringup/share/vehicle_bringup/package.bash'
[1.426s] INFO:colcon.colcon_core.shell:Creating package script '/home/ubuntu/JK/ASU/MAE_598_AV/Offroad_ws/install/vehicle_bringup/share/vehicle_bringup/package.zsh'
[1.427s] Level 1:colcon.colcon_core.environment:create_file_with_runtime_dependencies(/home/ubuntu/JK/ASU/MAE_598_AV/Offroad_ws/install/vehicle_bringup/share/colcon-core/packages/vehicle_bringup)
[1.427s] DEBUG:colcon.colcon_parallel_executor.executor.parallel:closing loop
[1.427s] DEBUG:colcon.colcon_parallel_executor.executor.parallel:loop closed
[1.427s] DEBUG:colcon.colcon_parallel_executor.executor.parallel:run_until_complete finished with '0'
[1.427s] DEBUG:colcon.colcon_core.event_reactor:joining thread
[1.431s] INFO:colcon.colcon_core.plugin_system:Skipping extension 'colcon_notification.desktop_notification.terminal_notifier': Not used on non-Darwin systems
[1.431s] INFO:colcon.colcon_core.plugin_system:Skipping extension 'colcon_notification.desktop_notification.win32': Not used on non-Windows systems
[1.431s] INFO:colcon.colcon_notification.desktop_notification:Sending desktop notification using 'notify2'
[1.445s] DEBUG:colcon.colcon_core.event_reactor:joined thread
[1.446s] INFO:colcon.colcon_core.shell:Creating prefix script '/home/ubuntu/JK/ASU/MAE_598_AV/Offroad_ws/install/local_setup.ps1'
[1.447s] INFO:colcon.colcon_core.shell:Creating prefix util module '/home/ubuntu/JK/ASU/MAE_598_AV/Offroad_ws/install/_local_setup_util_ps1.py'
[1.448s] INFO:colcon.colcon_core.shell:Creating prefix chain script '/home/ubuntu/JK/ASU/MAE_598_AV/Offroad_ws/install/setup.ps1'
[1.450s] INFO:colcon.colcon_core.shell:Creating prefix script '/home/ubuntu/JK/ASU/MAE_598_AV/Offroad_ws/install/local_setup.sh'
[1.450s] INFO:colcon.colcon_core.shell:Creating prefix util module '/home/ubuntu/JK/ASU/MAE_598_AV/Offroad_ws/install/_local_setup_util_sh.py'
[1.450s] INFO:colcon.colcon_core.shell:Creating prefix chain script '/home/ubuntu/JK/ASU/MAE_598_AV/Offroad_ws/install/setup.sh'
[1.451s] INFO:colcon.colcon_core.shell:Creating prefix script '/home/ubuntu/JK/ASU/MAE_598_AV/Offroad_ws/install/local_setup.bash'
[1.452s] INFO:colcon.colcon_core.shell:Creating prefix chain script '/home/ubuntu/JK/ASU/MAE_598_AV/Offroad_ws/install/setup.bash'
[1.453s] INFO:colcon.colcon_core.shell:Creating prefix script '/home/ubuntu/JK/ASU/MAE_598_AV/Offroad_ws/install/local_setup.zsh'
[1.454s] INFO:colcon.colcon_core.shell:Creating prefix chain script '/home/ubuntu/JK/ASU/MAE_598_AV/Offroad_ws/install/setup.zsh'
