running egg_info
creating ../../build/robot_control/robot_control.egg-info
writing ../../build/robot_control/robot_control.egg-info/PKG-INFO
writing dependency_links to ../../build/robot_control/robot_control.egg-info/dependency_links.txt
writing entry points to ../../build/robot_control/robot_control.egg-info/entry_points.txt
writing requirements to ../../build/robot_control/robot_control.egg-info/requires.txt
writing top-level names to ../../build/robot_control/robot_control.egg-info/top_level.txt
writing manifest file '../../build/robot_control/robot_control.egg-info/SOURCES.txt'
reading manifest file '../../build/robot_control/robot_control.egg-info/SOURCES.txt'
writing manifest file '../../build/robot_control/robot_control.egg-info/SOURCES.txt'
running build
running build_py
creating /home/ubuntu/JK/ASU/MAE_598_AV/Offroad_ws/build/robot_control/build
creating /home/ubuntu/JK/ASU/MAE_598_AV/Offroad_ws/build/robot_control/build/lib
creating /home/ubuntu/JK/ASU/MAE_598_AV/Offroad_ws/build/robot_control/build/lib/robot_control
copying robot_control/test_control.py -> /home/ubuntu/JK/ASU/MAE_598_AV/Offroad_ws/build/robot_control/build/lib/robot_control
copying robot_control/main_control.py -> /home/ubuntu/JK/ASU/MAE_598_AV/Offroad_ws/build/robot_control/build/lib/robot_control
copying robot_control/__init__.py -> /home/ubuntu/JK/ASU/MAE_598_AV/Offroad_ws/build/robot_control/build/lib/robot_control
copying robot_control/control_algorithm.py -> /home/ubuntu/JK/ASU/MAE_598_AV/Offroad_ws/build/robot_control/build/lib/robot_control
running install
running install_lib
creating /home/ubuntu/JK/ASU/MAE_598_AV/Offroad_ws/install/robot_control/lib/python3.10/site-packages/robot_control
copying /home/ubuntu/JK/ASU/MAE_598_AV/Offroad_ws/build/robot_control/build/lib/robot_control/test_control.py -> /home/ubuntu/JK/ASU/MAE_598_AV/Offroad_ws/install/robot_control/lib/python3.10/site-packages/robot_control
copying /home/ubuntu/JK/ASU/MAE_598_AV/Offroad_ws/build/robot_control/build/lib/robot_control/main_control.py -> /home/ubuntu/JK/ASU/MAE_598_AV/Offroad_ws/install/robot_control/lib/python3.10/site-packages/robot_control
copying /home/ubuntu/JK/ASU/MAE_598_AV/Offroad_ws/build/robot_control/build/lib/robot_control/__init__.py -> /home/ubuntu/JK/ASU/MAE_598_AV/Offroad_ws/install/robot_control/lib/python3.10/site-packages/robot_control
copying /home/ubuntu/JK/ASU/MAE_598_AV/Offroad_ws/build/robot_control/build/lib/robot_control/control_algorithm.py -> /home/ubuntu/JK/ASU/MAE_598_AV/Offroad_ws/install/robot_control/lib/python3.10/site-packages/robot_control
byte-compiling /home/ubuntu/JK/ASU/MAE_598_AV/Offroad_ws/install/robot_control/lib/python3.10/site-packages/robot_control/test_control.py to test_control.cpython-310.pyc
byte-compiling /home/ubuntu/JK/ASU/MAE_598_AV/Offroad_ws/install/robot_control/lib/python3.10/site-packages/robot_control/main_control.py to main_control.cpython-310.pyc
byte-compiling /home/ubuntu/JK/ASU/MAE_598_AV/Offroad_ws/install/robot_control/lib/python3.10/site-packages/robot_control/__init__.py to __init__.cpython-310.pyc
byte-compiling /home/ubuntu/JK/ASU/MAE_598_AV/Offroad_ws/install/robot_control/lib/python3.10/site-packages/robot_control/control_algorithm.py to control_algorithm.cpython-310.pyc
running install_data
creating /home/ubuntu/JK/ASU/MAE_598_AV/Offroad_ws/install/robot_control/share/ament_index
creating /home/ubuntu/JK/ASU/MAE_598_AV/Offroad_ws/install/robot_control/share/ament_index/resource_index
creating /home/ubuntu/JK/ASU/MAE_598_AV/Offroad_ws/install/robot_control/share/ament_index/resource_index/packages
copying resource/robot_control -> /home/ubuntu/JK/ASU/MAE_598_AV/Offroad_ws/install/robot_control/share/ament_index/resource_index/packages
copying package.xml -> /home/ubuntu/JK/ASU/MAE_598_AV/Offroad_ws/install/robot_control/share/robot_control
running install_egg_info
Copying ../../build/robot_control/robot_control.egg-info to /home/ubuntu/JK/ASU/MAE_598_AV/Offroad_ws/install/robot_control/lib/python3.10/site-packages/robot_control-0.0.0-py3.10.egg-info
running install_scripts
Installing main_controller script to /home/ubuntu/JK/ASU/MAE_598_AV/Offroad_ws/install/robot_control/lib/robot_control
Installing testing script to /home/ubuntu/JK/ASU/MAE_598_AV/Offroad_ws/install/robot_control/lib/robot_control
writing list of installed files to '/home/ubuntu/JK/ASU/MAE_598_AV/Offroad_ws/build/robot_control/install.log'
