[0.482s] Invoking command in '/home/ubuntu/JK/ASU/MAE_598_AV/Offroad_ws/src/robot_control': PYTHONPATH=/home/ubuntu/JK/ASU/MAE_598_AV/Offroad_ws/build/robot_control/prefix_override:/home/ubuntu/JK/ASU/MAE_598_AV/Offroad_ws/install/robot_control/lib/python3.10/site-packages:${PYTHONPATH} /usr/bin/python3 -W ignore:setup.py install is deprecated setup.py egg_info --egg-base ../../build/robot_control build --build-base /home/ubuntu/JK/ASU/MAE_598_AV/Offroad_ws/build/robot_control/build install --record /home/ubuntu/JK/ASU/MAE_598_AV/Offroad_ws/build/robot_control/install.log --single-version-externally-managed install_data
[0.679s] running egg_info
[0.680s] creating ../../build/robot_control/robot_control.egg-info
[0.680s] writing ../../build/robot_control/robot_control.egg-info/PKG-INFO
[0.680s] writing dependency_links to ../../build/robot_control/robot_control.egg-info/dependency_links.txt
[0.680s] writing entry points to ../../build/robot_control/robot_control.egg-info/entry_points.txt
[0.680s] writing requirements to ../../build/robot_control/robot_control.egg-info/requires.txt
[0.681s] writing top-level names to ../../build/robot_control/robot_control.egg-info/top_level.txt
[0.681s] writing manifest file '../../build/robot_control/robot_control.egg-info/SOURCES.txt'
[0.683s] reading manifest file '../../build/robot_control/robot_control.egg-info/SOURCES.txt'
[0.684s] writing manifest file '../../build/robot_control/robot_control.egg-info/SOURCES.txt'
[0.684s] running build
[0.684s] running build_py
[0.684s] creating /home/ubuntu/JK/ASU/MAE_598_AV/Offroad_ws/build/robot_control/build
[0.684s] creating /home/ubuntu/JK/ASU/MAE_598_AV/Offroad_ws/build/robot_control/build/lib
[0.684s] creating /home/ubuntu/JK/ASU/MAE_598_AV/Offroad_ws/build/robot_control/build/lib/robot_control
[0.684s] copying robot_control/test_control.py -> /home/ubuntu/JK/ASU/MAE_598_AV/Offroad_ws/build/robot_control/build/lib/robot_control
[0.684s] copying robot_control/main_control.py -> /home/ubuntu/JK/ASU/MAE_598_AV/Offroad_ws/build/robot_control/build/lib/robot_control
[0.684s] copying robot_control/__init__.py -> /home/ubuntu/JK/ASU/MAE_598_AV/Offroad_ws/build/robot_control/build/lib/robot_control
[0.685s] copying robot_control/control_algorithm.py -> /home/ubuntu/JK/ASU/MAE_598_AV/Offroad_ws/build/robot_control/build/lib/robot_control
[0.685s] running install
[0.685s] running install_lib
[0.686s] creating /home/ubuntu/JK/ASU/MAE_598_AV/Offroad_ws/install/robot_control/lib/python3.10/site-packages/robot_control
[0.686s] copying /home/ubuntu/JK/ASU/MAE_598_AV/Offroad_ws/build/robot_control/build/lib/robot_control/test_control.py -> /home/ubuntu/JK/ASU/MAE_598_AV/Offroad_ws/install/robot_control/lib/python3.10/site-packages/robot_control
[0.686s] copying /home/ubuntu/JK/ASU/MAE_598_AV/Offroad_ws/build/robot_control/build/lib/robot_control/main_control.py -> /home/ubuntu/JK/ASU/MAE_598_AV/Offroad_ws/install/robot_control/lib/python3.10/site-packages/robot_control
[0.686s] copying /home/ubuntu/JK/ASU/MAE_598_AV/Offroad_ws/build/robot_control/build/lib/robot_control/__init__.py -> /home/ubuntu/JK/ASU/MAE_598_AV/Offroad_ws/install/robot_control/lib/python3.10/site-packages/robot_control
[0.687s] copying /home/ubuntu/JK/ASU/MAE_598_AV/Offroad_ws/build/robot_control/build/lib/robot_control/control_algorithm.py -> /home/ubuntu/JK/ASU/MAE_598_AV/Offroad_ws/install/robot_control/lib/python3.10/site-packages/robot_control
[0.687s] byte-compiling /home/ubuntu/JK/ASU/MAE_598_AV/Offroad_ws/install/robot_control/lib/python3.10/site-packages/robot_control/test_control.py to test_control.cpython-310.pyc
[0.688s] byte-compiling /home/ubuntu/JK/ASU/MAE_598_AV/Offroad_ws/install/robot_control/lib/python3.10/site-packages/robot_control/main_control.py to main_control.cpython-310.pyc
[0.688s] byte-compiling /home/ubuntu/JK/ASU/MAE_598_AV/Offroad_ws/install/robot_control/lib/python3.10/site-packages/robot_control/__init__.py to __init__.cpython-310.pyc
[0.689s] byte-compiling /home/ubuntu/JK/ASU/MAE_598_AV/Offroad_ws/install/robot_control/lib/python3.10/site-packages/robot_control/control_algorithm.py to control_algorithm.cpython-310.pyc
[0.689s] running install_data
[0.689s] creating /home/ubuntu/JK/ASU/MAE_598_AV/Offroad_ws/install/robot_control/share/ament_index
[0.689s] creating /home/ubuntu/JK/ASU/MAE_598_AV/Offroad_ws/install/robot_control/share/ament_index/resource_index
[0.689s] creating /home/ubuntu/JK/ASU/MAE_598_AV/Offroad_ws/install/robot_control/share/ament_index/resource_index/packages
[0.689s] copying resource/robot_control -> /home/ubuntu/JK/ASU/MAE_598_AV/Offroad_ws/install/robot_control/share/ament_index/resource_index/packages
[0.689s] copying package.xml -> /home/ubuntu/JK/ASU/MAE_598_AV/Offroad_ws/install/robot_control/share/robot_control
[0.689s] running install_egg_info
[0.691s] Copying ../../build/robot_control/robot_control.egg-info to /home/ubuntu/JK/ASU/MAE_598_AV/Offroad_ws/install/robot_control/lib/python3.10/site-packages/robot_control-0.0.0-py3.10.egg-info
[0.691s] running install_scripts
[0.709s] Installing main_controller script to /home/ubuntu/JK/ASU/MAE_598_AV/Offroad_ws/install/robot_control/lib/robot_control
[0.710s] Installing testing script to /home/ubuntu/JK/ASU/MAE_598_AV/Offroad_ws/install/robot_control/lib/robot_control
[0.710s] writing list of installed files to '/home/ubuntu/JK/ASU/MAE_598_AV/Offroad_ws/build/robot_control/install.log'
[0.731s] Invoked command in '/home/ubuntu/JK/ASU/MAE_598_AV/Offroad_ws/src/robot_control' returned '0': PYTHONPATH=/home/ubuntu/JK/ASU/MAE_598_AV/Offroad_ws/build/robot_control/prefix_override:/home/ubuntu/JK/ASU/MAE_598_AV/Offroad_ws/install/robot_control/lib/python3.10/site-packages:${PYTHONPATH} /usr/bin/python3 -W ignore:setup.py install is deprecated setup.py egg_info --egg-base ../../build/robot_control build --build-base /home/ubuntu/JK/ASU/MAE_598_AV/Offroad_ws/build/robot_control/build install --record /home/ubuntu/JK/ASU/MAE_598_AV/Offroad_ws/build/robot_control/install.log --single-version-externally-managed install_data
