/home/ubuntu/JK/ASU/MAE_598_AV/Offroad_ws/install/robot_control/lib/python3.10/site-packages/robot_control/plot_histogram.py
/home/ubuntu/JK/ASU/MAE_598_AV/Offroad_ws/install/robot_control/lib/python3.10/site-packages/robot_control/main_control.py
/home/ubuntu/JK/ASU/MAE_598_AV/Offroad_ws/install/robot_control/lib/python3.10/site-packages/robot_control/__init__.py
/home/ubuntu/JK/ASU/MAE_598_AV/Offroad_ws/install/robot_control/lib/python3.10/site-packages/robot_control/plot_path.py
/home/ubuntu/JK/ASU/MAE_598_AV/Offroad_ws/install/robot_control/lib/python3.10/site-packages/robot_control/__pycache__/plot_histogram.cpython-310.pyc
/home/ubuntu/JK/ASU/MAE_598_AV/Offroad_ws/install/robot_control/lib/python3.10/site-packages/robot_control/__pycache__/main_control.cpython-310.pyc
/home/ubuntu/JK/ASU/MAE_598_AV/Offroad_ws/install/robot_control/lib/python3.10/site-packages/robot_control/__pycache__/__init__.cpython-310.pyc
/home/ubuntu/JK/ASU/MAE_598_AV/Offroad_ws/install/robot_control/lib/python3.10/site-packages/robot_control/__pycache__/plot_path.cpython-310.pyc
/home/ubuntu/JK/ASU/MAE_598_AV/Offroad_ws/install/robot_control/share/ament_index/resource_index/packages/robot_control
/home/ubuntu/JK/ASU/MAE_598_AV/Offroad_ws/install/robot_control/share/robot_control/package.xml
/home/ubuntu/JK/ASU/MAE_598_AV/Offroad_ws/install/robot_control/lib/python3.10/site-packages/robot_control-0.0.0-py3.10.egg-info/zip-safe
/home/ubuntu/JK/ASU/MAE_598_AV/Offroad_ws/install/robot_control/lib/python3.10/site-packages/robot_control-0.0.0-py3.10.egg-info/entry_points.txt
/home/ubuntu/JK/ASU/MAE_598_AV/Offroad_ws/install/robot_control/lib/python3.10/site-packages/robot_control-0.0.0-py3.10.egg-info/PKG-INFO
/home/ubuntu/JK/ASU/MAE_598_AV/Offroad_ws/install/robot_control/lib/python3.10/site-packages/robot_control-0.0.0-py3.10.egg-info/top_level.txt
/home/ubuntu/JK/ASU/MAE_598_AV/Offroad_ws/install/robot_control/lib/python3.10/site-packages/robot_control-0.0.0-py3.10.egg-info/dependency_links.txt
/home/ubuntu/JK/ASU/MAE_598_AV/Offroad_ws/install/robot_control/lib/python3.10/site-packages/robot_control-0.0.0-py3.10.egg-info/requires.txt
/home/ubuntu/JK/ASU/MAE_598_AV/Offroad_ws/install/robot_control/lib/python3.10/site-packages/robot_control-0.0.0-py3.10.egg-info/SOURCES.txt
/home/ubuntu/JK/ASU/MAE_598_AV/Offroad_ws/install/robot_control/lib/robot_control/main_controller
/home/ubuntu/JK/ASU/MAE_598_AV/Offroad_ws/install/robot_control/lib/robot_control/plot_path
/home/ubuntu/JK/ASU/MAE_598_AV/Offroad_ws/install/robot_control/lib/robot_control/visualize_VFH
