[1.684s] DEBUG:colcon:Command line arguments: ['/usr/bin/colcon', 'build']
[1.684s] DEBUG:colcon:Parsed command line arguments: Namespace(log_base=None, log_level=None, verb_name='build', build_base='build', install_base='install', merge_install=False, symlink_install=False, test_result_base=None, continue_on_error=False, executor='parallel', parallel_workers=12, event_handlers=None, ignore_user_meta=False, metas=['./colcon.meta'], base_paths=['.'], packages_ignore=None, packages_ignore_regex=None, paths=None, packages_up_to=None, packages_up_to_regex=None, packages_above=None, packages_above_and_dependencies=None, packages_above_depth=None, packages_select_by_dep=None, packages_skip_by_dep=None, packages_skip_up_to=None, packages_select_build_failed=False, packages_skip_build_finished=False, packages_select_test_failures=False, packages_skip_test_passed=False, packages_select=None, packages_skip=None, packages_select_regex=None, packages_skip_regex=None, packages_start=None, packages_end=None, allow_overriding=[], cmake_args=None, cmake_target=None, cmake_target_skip_unavailable=False, cmake_clean_cache=False, cmake_clean_first=False, cmake_force_configure=False, ament_cmake_args=None, catkin_cmake_args=None, catkin_skip_building_tests=False, mixin_files=None, mixin=None, verb_parser=<colcon_mixin.mixin.mixin_argument.MixinArgumentDecorator object at 0x7f8da7e6e110>, verb_extension=<colcon_core.verb.build.BuildVerb object at 0x7f8da7e6d720>, main=<bound method BuildVerb.main of <colcon_core.verb.build.BuildVerb object at 0x7f8da7e6d720>>, mixin_verb=('build',))
[3.048s] Level 1:colcon.colcon_core.package_discovery:discover_packages(colcon_meta) check parameters
[3.049s] Level 1:colcon.colcon_core.package_discovery:discover_packages(recursive) check parameters
[3.049s] Level 1:colcon.colcon_core.package_discovery:discover_packages(ignore) check parameters
[3.049s] Level 1:colcon.colcon_core.package_discovery:discover_packages(path) check parameters
[3.049s] Level 1:colcon.colcon_core.package_discovery:discover_packages(colcon_meta) discover
[3.049s] Level 1:colcon.colcon_core.package_discovery:discover_packages(recursive) discover
[3.049s] INFO:colcon.colcon_core.package_discovery:Crawling recursively for packages in '/home/ubuntu/JK/ASU/MAE_598_AV/Offroad_ws'
[3.049s] Level 1:colcon.colcon_core.package_identification:_identify(.) by extensions ['ignore', 'ignore_ament_install']
[3.049s] Level 1:colcon.colcon_core.package_identification:_identify(.) by extension 'ignore'
[3.049s] Level 1:colcon.colcon_core.package_identification:_identify(.) by extension 'ignore_ament_install'
[3.049s] Level 1:colcon.colcon_core.package_identification:_identify(.) by extensions ['colcon_pkg']
[3.049s] Level 1:colcon.colcon_core.package_identification:_identify(.) by extension 'colcon_pkg'
[3.049s] Level 1:colcon.colcon_core.package_identification:_identify(.) by extensions ['colcon_meta']
[3.049s] Level 1:colcon.colcon_core.package_identification:_identify(.) by extension 'colcon_meta'
[3.049s] Level 1:colcon.colcon_core.package_identification:_identify(.) by extensions ['ros']
[3.049s] Level 1:colcon.colcon_core.package_identification:_identify(.) by extension 'ros'
[3.076s] Level 1:colcon.colcon_core.package_identification:_identify(.) by extensions ['cmake', 'python']
[3.076s] Level 1:colcon.colcon_core.package_identification:_identify(.) by extension 'cmake'
[3.076s] Level 1:colcon.colcon_core.package_identification:_identify(.) by extension 'python'
[3.076s] Level 1:colcon.colcon_core.package_identification:_identify(.) by extensions ['python_setup_py']
[3.076s] Level 1:colcon.colcon_core.package_identification:_identify(.) by extension 'python_setup_py'
[3.077s] Level 1:colcon.colcon_core.package_identification:_identify(build) by extensions ['ignore', 'ignore_ament_install']
[3.077s] Level 1:colcon.colcon_core.package_identification:_identify(build) by extension 'ignore'
[3.077s] Level 1:colcon.colcon_core.package_identification:_identify(build) ignored
[3.077s] Level 1:colcon.colcon_core.package_identification:_identify(install) by extensions ['ignore', 'ignore_ament_install']
[3.077s] Level 1:colcon.colcon_core.package_identification:_identify(install) by extension 'ignore'
[3.077s] Level 1:colcon.colcon_core.package_identification:_identify(install) ignored
[3.077s] Level 1:colcon.colcon_core.package_identification:_identify(log) by extensions ['ignore', 'ignore_ament_install']
[3.077s] Level 1:colcon.colcon_core.package_identification:_identify(log) by extension 'ignore'
[3.077s] Level 1:colcon.colcon_core.package_identification:_identify(log) ignored
[3.077s] Level 1:colcon.colcon_core.package_identification:_identify(src) by extensions ['ignore', 'ignore_ament_install']
[3.077s] Level 1:colcon.colcon_core.package_identification:_identify(src) by extension 'ignore'
[3.077s] Level 1:colcon.colcon_core.package_identification:_identify(src) by extension 'ignore_ament_install'
[3.077s] Level 1:colcon.colcon_core.package_identification:_identify(src) by extensions ['colcon_pkg']
[3.077s] Level 1:colcon.colcon_core.package_identification:_identify(src) by extension 'colcon_pkg'
[3.077s] Level 1:colcon.colcon_core.package_identification:_identify(src) by extensions ['colcon_meta']
[3.077s] Level 1:colcon.colcon_core.package_identification:_identify(src) by extension 'colcon_meta'
[3.078s] Level 1:colcon.colcon_core.package_identification:_identify(src) by extensions ['ros']
[3.078s] Level 1:colcon.colcon_core.package_identification:_identify(src) by extension 'ros'
[3.078s] Level 1:colcon.colcon_core.package_identification:_identify(src) by extensions ['cmake', 'python']
[3.078s] Level 1:colcon.colcon_core.package_identification:_identify(src) by extension 'cmake'
[3.078s] Level 1:colcon.colcon_core.package_identification:_identify(src) by extension 'python'
[3.078s] Level 1:colcon.colcon_core.package_identification:_identify(src) by extensions ['python_setup_py']
[3.078s] Level 1:colcon.colcon_core.package_identification:_identify(src) by extension 'python_setup_py'
[3.078s] Level 1:colcon.colcon_core.package_identification:_identify(src/robot_control) by extensions ['ignore', 'ignore_ament_install']
[3.078s] Level 1:colcon.colcon_core.package_identification:_identify(src/robot_control) by extension 'ignore'
[3.078s] Level 1:colcon.colcon_core.package_identification:_identify(src/robot_control) by extension 'ignore_ament_install'
[3.078s] Level 1:colcon.colcon_core.package_identification:_identify(src/robot_control) by extensions ['colcon_pkg']
[3.078s] Level 1:colcon.colcon_core.package_identification:_identify(src/robot_control) by extension 'colcon_pkg'
[3.078s] Level 1:colcon.colcon_core.package_identification:_identify(src/robot_control) by extensions ['colcon_meta']
[3.078s] Level 1:colcon.colcon_core.package_identification:_identify(src/robot_control) by extension 'colcon_meta'
[3.078s] Level 1:colcon.colcon_core.package_identification:_identify(src/robot_control) by extensions ['ros']
[3.078s] Level 1:colcon.colcon_core.package_identification:_identify(src/robot_control) by extension 'ros'
[3.086s] DEBUG:colcon.colcon_core.package_identification:Package 'src/robot_control' with type 'ros.ament_python' and name 'robot_control'
[3.086s] Level 1:colcon.colcon_core.package_identification:_identify(src/vehicle_bringup) by extensions ['ignore', 'ignore_ament_install']
[3.086s] Level 1:colcon.colcon_core.package_identification:_identify(src/vehicle_bringup) by extension 'ignore'
[3.086s] Level 1:colcon.colcon_core.package_identification:_identify(src/vehicle_bringup) by extension 'ignore_ament_install'
[3.086s] Level 1:colcon.colcon_core.package_identification:_identify(src/vehicle_bringup) by extensions ['colcon_pkg']
[3.087s] Level 1:colcon.colcon_core.package_identification:_identify(src/vehicle_bringup) by extension 'colcon_pkg'
[3.087s] Level 1:colcon.colcon_core.package_identification:_identify(src/vehicle_bringup) by extensions ['colcon_meta']
[3.087s] Level 1:colcon.colcon_core.package_identification:_identify(src/vehicle_bringup) by extension 'colcon_meta'
[3.087s] Level 1:colcon.colcon_core.package_identification:_identify(src/vehicle_bringup) by extensions ['ros']
[3.087s] Level 1:colcon.colcon_core.package_identification:_identify(src/vehicle_bringup) by extension 'ros'
[3.088s] DEBUG:colcon.colcon_core.package_identification:Package 'src/vehicle_bringup' with type 'ros.ament_cmake' and name 'vehicle_bringup'
[3.088s] Level 1:colcon.colcon_core.package_discovery:discover_packages(recursive) using defaults
[3.088s] Level 1:colcon.colcon_core.package_discovery:discover_packages(ignore) discover
[3.088s] Level 1:colcon.colcon_core.package_discovery:discover_packages(ignore) using defaults
[3.088s] Level 1:colcon.colcon_core.package_discovery:discover_packages(path) discover
[3.088s] Level 1:colcon.colcon_core.package_discovery:discover_packages(path) using defaults
[3.180s] Level 1:colcon.colcon_core.package_discovery:discover_packages(prefix_path) check parameters
[3.180s] Level 1:colcon.colcon_core.package_discovery:discover_packages(prefix_path) discover
[3.200s] DEBUG:colcon.colcon_installed_package_information.package_discovery:Found 2 installed packages in /home/ubuntu/JK/ASU/MAE_598_AV/Offroad_ws/install
[3.201s] DEBUG:colcon.colcon_installed_package_information.package_discovery:Found 279 installed packages in /opt/ros/humble
[3.203s] Level 1:colcon.colcon_core.package_discovery:discover_packages(prefix_path) using defaults
[3.257s] Level 5:colcon.colcon_core.verb:set package 'robot_control' build argument 'cmake_args' from command line to 'None'
[3.257s] Level 5:colcon.colcon_core.verb:set package 'robot_control' build argument 'cmake_target' from command line to 'None'
[3.257s] Level 5:colcon.colcon_core.verb:set package 'robot_control' build argument 'cmake_target_skip_unavailable' from command line to 'False'
[3.257s] Level 5:colcon.colcon_core.verb:set package 'robot_control' build argument 'cmake_clean_cache' from command line to 'False'
[3.257s] Level 5:colcon.colcon_core.verb:set package 'robot_control' build argument 'cmake_clean_first' from command line to 'False'
[3.257s] Level 5:colcon.colcon_core.verb:set package 'robot_control' build argument 'cmake_force_configure' from command line to 'False'
[3.257s] Level 5:colcon.colcon_core.verb:set package 'robot_control' build argument 'ament_cmake_args' from command line to 'None'
[3.257s] Level 5:colcon.colcon_core.verb:set package 'robot_control' build argument 'catkin_cmake_args' from command line to 'None'
[3.257s] Level 5:colcon.colcon_core.verb:set package 'robot_control' build argument 'catkin_skip_building_tests' from command line to 'False'
[3.257s] DEBUG:colcon.colcon_core.verb:Building package 'robot_control' with the following arguments: {'ament_cmake_args': None, 'build_base': '/home/ubuntu/JK/ASU/MAE_598_AV/Offroad_ws/build/robot_control', 'catkin_cmake_args': None, 'catkin_skip_building_tests': False, 'cmake_args': None, 'cmake_clean_cache': False, 'cmake_clean_first': False, 'cmake_force_configure': False, 'cmake_target': None, 'cmake_target_skip_unavailable': False, 'install_base': '/home/ubuntu/JK/ASU/MAE_598_AV/Offroad_ws/install/robot_control', 'merge_install': False, 'path': '/home/ubuntu/JK/ASU/MAE_598_AV/Offroad_ws/src/robot_control', 'symlink_install': False, 'test_result_base': None}
[3.258s] Level 5:colcon.colcon_core.verb:set package 'vehicle_bringup' build argument 'cmake_args' from command line to 'None'
[3.258s] Level 5:colcon.colcon_core.verb:set package 'vehicle_bringup' build argument 'cmake_target' from command line to 'None'
[3.258s] Level 5:colcon.colcon_core.verb:set package 'vehicle_bringup' build argument 'cmake_target_skip_unavailable' from command line to 'False'
[3.258s] Level 5:colcon.colcon_core.verb:set package 'vehicle_bringup' build argument 'cmake_clean_cache' from command line to 'False'
[3.258s] Level 5:colcon.colcon_core.verb:set package 'vehicle_bringup' build argument 'cmake_clean_first' from command line to 'False'
[3.258s] Level 5:colcon.colcon_core.verb:set package 'vehicle_bringup' build argument 'cmake_force_configure' from command line to 'False'
[3.258s] Level 5:colcon.colcon_core.verb:set package 'vehicle_bringup' build argument 'ament_cmake_args' from command line to 'None'
[3.258s] Level 5:colcon.colcon_core.verb:set package 'vehicle_bringup' build argument 'catkin_cmake_args' from command line to 'None'
[3.258s] Level 5:colcon.colcon_core.verb:set package 'vehicle_bringup' build argument 'catkin_skip_building_tests' from command line to 'False'
[3.258s] DEBUG:colcon.colcon_core.verb:Building package 'vehicle_bringup' with the following arguments: {'ament_cmake_args': None, 'build_base': '/home/ubuntu/JK/ASU/MAE_598_AV/Offroad_ws/build/vehicle_bringup', 'catkin_cmake_args': None, 'catkin_skip_building_tests': False, 'cmake_args': None, 'cmake_clean_cache': False, 'cmake_clean_first': False, 'cmake_force_configure': False, 'cmake_target': None, 'cmake_target_skip_unavailable': False, 'install_base': '/home/ubuntu/JK/ASU/MAE_598_AV/Offroad_ws/install/vehicle_bringup', 'merge_install': False, 'path': '/home/ubuntu/JK/ASU/MAE_598_AV/Offroad_ws/src/vehicle_bringup', 'symlink_install': False, 'test_result_base': None}
[3.258s] INFO:colcon.colcon_core.executor:Executing jobs using 'parallel' executor
[3.259s] DEBUG:colcon.colcon_parallel_executor.executor.parallel:run_until_complete
[3.259s] INFO:colcon.colcon_ros.task.ament_python.build:Building ROS package in '/home/ubuntu/JK/ASU/MAE_598_AV/Offroad_ws/src/robot_control' with build type 'ament_python'
[3.259s] Level 1:colcon.colcon_core.shell:create_environment_hook('robot_control', 'ament_prefix_path')
[3.300s] INFO:colcon.colcon_core.plugin_system:Skipping extension 'colcon_core.shell.bat': Not used on non-Windows systems
[3.300s] INFO:colcon.colcon_core.shell:Creating environment hook '/home/ubuntu/JK/ASU/MAE_598_AV/Offroad_ws/install/robot_control/share/robot_control/hook/ament_prefix_path.ps1'
[3.306s] INFO:colcon.colcon_core.shell:Creating environment descriptor '/home/ubuntu/JK/ASU/MAE_598_AV/Offroad_ws/install/robot_control/share/robot_control/hook/ament_prefix_path.dsv'
[3.309s] INFO:colcon.colcon_core.shell:Creating environment hook '/home/ubuntu/JK/ASU/MAE_598_AV/Offroad_ws/install/robot_control/share/robot_control/hook/ament_prefix_path.sh'
[3.312s] INFO:colcon.colcon_core.shell:Skip shell extension 'powershell' for command environment: Not usable outside of PowerShell
[3.312s] DEBUG:colcon.colcon_core.shell:Skip shell extension 'dsv' for command environment
[3.320s] INFO:colcon.colcon_ros.task.ament_cmake.build:Building ROS package in '/home/ubuntu/JK/ASU/MAE_598_AV/Offroad_ws/src/vehicle_bringup' with build type 'ament_cmake'
[3.320s] INFO:colcon.colcon_cmake.task.cmake.build:Building CMake package in '/home/ubuntu/JK/ASU/MAE_598_AV/Offroad_ws/src/vehicle_bringup'
[3.321s] INFO:colcon.colcon_core.shell:Skip shell extension 'powershell' for command environment: Not usable outside of PowerShell
[3.321s] DEBUG:colcon.colcon_core.shell:Skip shell extension 'dsv' for command environment
[3.563s] INFO:colcon.colcon_core.task.python.build:Building Python package in '/home/ubuntu/JK/ASU/MAE_598_AV/Offroad_ws/src/robot_control'
[3.563s] INFO:colcon.colcon_core.shell:Skip shell extension 'powershell' for command environment: Not usable outside of PowerShell
[3.563s] DEBUG:colcon.colcon_core.shell:Skip shell extension 'dsv' for command environment
[3.575s] DEBUG:colcon.colcon_core.event_handler.log_command:Invoking command in '/home/ubuntu/JK/ASU/MAE_598_AV/Offroad_ws/build/vehicle_bringup': CMAKE_PREFIX_PATH=${CMAKE_PREFIX_PATH}:/home/ubuntu/JK/ASU/MAE_598_AV/Offroad_ws/install/robot_control:/opt/ros/humble /usr/bin/cmake --build /home/ubuntu/JK/ASU/MAE_598_AV/Offroad_ws/build/vehicle_bringup -- -j12 -l12
[3.787s] DEBUG:colcon.colcon_core.event_handler.log_command:Invoked command in '/home/ubuntu/JK/ASU/MAE_598_AV/Offroad_ws/build/vehicle_bringup' returned '0': CMAKE_PREFIX_PATH=${CMAKE_PREFIX_PATH}:/home/ubuntu/JK/ASU/MAE_598_AV/Offroad_ws/install/robot_control:/opt/ros/humble /usr/bin/cmake --build /home/ubuntu/JK/ASU/MAE_598_AV/Offroad_ws/build/vehicle_bringup -- -j12 -l12
[3.817s] DEBUG:colcon.colcon_core.event_handler.log_command:Invoking command in '/home/ubuntu/JK/ASU/MAE_598_AV/Offroad_ws/build/vehicle_bringup': CMAKE_PREFIX_PATH=${CMAKE_PREFIX_PATH}:/home/ubuntu/JK/ASU/MAE_598_AV/Offroad_ws/install/robot_control:/opt/ros/humble /usr/bin/cmake --install /home/ubuntu/JK/ASU/MAE_598_AV/Offroad_ws/build/vehicle_bringup
[3.856s] Level 1:colcon.colcon_core.environment:create_environment_scripts_only(vehicle_bringup)
[3.857s] DEBUG:colcon.colcon_core.event_handler.log_command:Invoked command in '/home/ubuntu/JK/ASU/MAE_598_AV/Offroad_ws/build/vehicle_bringup' returned '0': CMAKE_PREFIX_PATH=${CMAKE_PREFIX_PATH}:/home/ubuntu/JK/ASU/MAE_598_AV/Offroad_ws/install/robot_control:/opt/ros/humble /usr/bin/cmake --install /home/ubuntu/JK/ASU/MAE_598_AV/Offroad_ws/build/vehicle_bringup
[3.918s] Level 1:colcon.colcon_core.environment:checking '/home/ubuntu/JK/ASU/MAE_598_AV/Offroad_ws/install/vehicle_bringup' for CMake module files
[3.919s] Level 1:colcon.colcon_core.environment:checking '/home/ubuntu/JK/ASU/MAE_598_AV/Offroad_ws/install/vehicle_bringup' for CMake config files
[3.921s] Level 1:colcon.colcon_core.shell:create_environment_hook('vehicle_bringup', 'cmake_prefix_path')
[3.922s] INFO:colcon.colcon_core.shell:Creating environment hook '/home/ubuntu/JK/ASU/MAE_598_AV/Offroad_ws/install/vehicle_bringup/share/vehicle_bringup/hook/cmake_prefix_path.ps1'
[3.922s] INFO:colcon.colcon_core.shell:Creating environment descriptor '/home/ubuntu/JK/ASU/MAE_598_AV/Offroad_ws/install/vehicle_bringup/share/vehicle_bringup/hook/cmake_prefix_path.dsv'
[3.922s] INFO:colcon.colcon_core.shell:Creating environment hook '/home/ubuntu/JK/ASU/MAE_598_AV/Offroad_ws/install/vehicle_bringup/share/vehicle_bringup/hook/cmake_prefix_path.sh'
[3.923s] Level 1:colcon.colcon_core.environment:checking '/home/ubuntu/JK/ASU/MAE_598_AV/Offroad_ws/install/vehicle_bringup/bin'
[3.923s] Level 1:colcon.colcon_core.environment:checking '/home/ubuntu/JK/ASU/MAE_598_AV/Offroad_ws/install/vehicle_bringup/lib/pkgconfig/vehicle_bringup.pc'
[3.923s] Level 1:colcon.colcon_core.environment:checking '/home/ubuntu/JK/ASU/MAE_598_AV/Offroad_ws/install/vehicle_bringup/lib/python3.10/site-packages'
[3.923s] Level 1:colcon.colcon_core.environment:checking '/home/ubuntu/JK/ASU/MAE_598_AV/Offroad_ws/install/vehicle_bringup/bin'
[3.924s] INFO:colcon.colcon_core.shell:Creating package script '/home/ubuntu/JK/ASU/MAE_598_AV/Offroad_ws/install/vehicle_bringup/share/vehicle_bringup/package.ps1'
[3.925s] INFO:colcon.colcon_core.shell:Creating package descriptor '/home/ubuntu/JK/ASU/MAE_598_AV/Offroad_ws/install/vehicle_bringup/share/vehicle_bringup/package.dsv'
[3.928s] INFO:colcon.colcon_core.shell:Creating package script '/home/ubuntu/JK/ASU/MAE_598_AV/Offroad_ws/install/vehicle_bringup/share/vehicle_bringup/package.sh'
[3.930s] INFO:colcon.colcon_core.shell:Creating package script '/home/ubuntu/JK/ASU/MAE_598_AV/Offroad_ws/install/vehicle_bringup/share/vehicle_bringup/package.bash'
[3.936s] INFO:colcon.colcon_core.shell:Creating package script '/home/ubuntu/JK/ASU/MAE_598_AV/Offroad_ws/install/vehicle_bringup/share/vehicle_bringup/package.zsh'
[3.948s] Level 1:colcon.colcon_core.environment:create_file_with_runtime_dependencies(/home/ubuntu/JK/ASU/MAE_598_AV/Offroad_ws/install/vehicle_bringup/share/colcon-core/packages/vehicle_bringup)
[3.967s] Level 1:colcon.colcon_core.environment:create_environment_scripts_only(vehicle_bringup)
[3.967s] Level 1:colcon.colcon_core.environment:checking '/home/ubuntu/JK/ASU/MAE_598_AV/Offroad_ws/install/vehicle_bringup' for CMake module files
[3.968s] Level 1:colcon.colcon_core.environment:checking '/home/ubuntu/JK/ASU/MAE_598_AV/Offroad_ws/install/vehicle_bringup' for CMake config files
[3.968s] Level 1:colcon.colcon_core.shell:create_environment_hook('vehicle_bringup', 'cmake_prefix_path')
[3.968s] INFO:colcon.colcon_core.shell:Creating environment hook '/home/ubuntu/JK/ASU/MAE_598_AV/Offroad_ws/install/vehicle_bringup/share/vehicle_bringup/hook/cmake_prefix_path.ps1'
[3.969s] INFO:colcon.colcon_core.shell:Creating environment descriptor '/home/ubuntu/JK/ASU/MAE_598_AV/Offroad_ws/install/vehicle_bringup/share/vehicle_bringup/hook/cmake_prefix_path.dsv'
[3.969s] INFO:colcon.colcon_core.shell:Creating environment hook '/home/ubuntu/JK/ASU/MAE_598_AV/Offroad_ws/install/vehicle_bringup/share/vehicle_bringup/hook/cmake_prefix_path.sh'
[3.970s] Level 1:colcon.colcon_core.environment:checking '/home/ubuntu/JK/ASU/MAE_598_AV/Offroad_ws/install/vehicle_bringup/bin'
[3.970s] Level 1:colcon.colcon_core.environment:checking '/home/ubuntu/JK/ASU/MAE_598_AV/Offroad_ws/install/vehicle_bringup/lib/pkgconfig/vehicle_bringup.pc'
[3.970s] Level 1:colcon.colcon_core.environment:checking '/home/ubuntu/JK/ASU/MAE_598_AV/Offroad_ws/install/vehicle_bringup/lib/python3.10/site-packages'
[3.970s] Level 1:colcon.colcon_core.environment:checking '/home/ubuntu/JK/ASU/MAE_598_AV/Offroad_ws/install/vehicle_bringup/bin'
[3.971s] INFO:colcon.colcon_core.shell:Creating package script '/home/ubuntu/JK/ASU/MAE_598_AV/Offroad_ws/install/vehicle_bringup/share/vehicle_bringup/package.ps1'
[3.971s] INFO:colcon.colcon_core.shell:Creating package descriptor '/home/ubuntu/JK/ASU/MAE_598_AV/Offroad_ws/install/vehicle_bringup/share/vehicle_bringup/package.dsv'
[3.972s] INFO:colcon.colcon_core.shell:Creating package script '/home/ubuntu/JK/ASU/MAE_598_AV/Offroad_ws/install/vehicle_bringup/share/vehicle_bringup/package.sh'
[3.972s] INFO:colcon.colcon_core.shell:Creating package script '/home/ubuntu/JK/ASU/MAE_598_AV/Offroad_ws/install/vehicle_bringup/share/vehicle_bringup/package.bash'
[3.973s] INFO:colcon.colcon_core.shell:Creating package script '/home/ubuntu/JK/ASU/MAE_598_AV/Offroad_ws/install/vehicle_bringup/share/vehicle_bringup/package.zsh'
[3.974s] Level 1:colcon.colcon_core.environment:create_file_with_runtime_dependencies(/home/ubuntu/JK/ASU/MAE_598_AV/Offroad_ws/install/vehicle_bringup/share/colcon-core/packages/vehicle_bringup)
[4.339s] DEBUG:colcon.colcon_core.event_handler.log_command:Invoking command in '/home/ubuntu/JK/ASU/MAE_598_AV/Offroad_ws/src/robot_control': PYTHONPATH=/home/ubuntu/JK/ASU/MAE_598_AV/Offroad_ws/build/robot_control/prefix_override:/home/ubuntu/JK/ASU/MAE_598_AV/Offroad_ws/install/robot_control/lib/python3.10/site-packages:${PYTHONPATH} /usr/bin/python3 -W ignore:setup.py install is deprecated setup.py egg_info --egg-base ../../build/robot_control build --build-base /home/ubuntu/JK/ASU/MAE_598_AV/Offroad_ws/build/robot_control/build install --record /home/ubuntu/JK/ASU/MAE_598_AV/Offroad_ws/build/robot_control/install.log --single-version-externally-managed install_data
[4.599s] Level 1:colcon.colcon_core.environment:checking '/home/ubuntu/JK/ASU/MAE_598_AV/Offroad_ws/install/robot_control' for CMake module files
[4.600s] DEBUG:colcon.colcon_core.event_handler.log_command:Invoked command in '/home/ubuntu/JK/ASU/MAE_598_AV/Offroad_ws/src/robot_control' returned '0': PYTHONPATH=/home/ubuntu/JK/ASU/MAE_598_AV/Offroad_ws/build/robot_control/prefix_override:/home/ubuntu/JK/ASU/MAE_598_AV/Offroad_ws/install/robot_control/lib/python3.10/site-packages:${PYTHONPATH} /usr/bin/python3 -W ignore:setup.py install is deprecated setup.py egg_info --egg-base ../../build/robot_control build --build-base /home/ubuntu/JK/ASU/MAE_598_AV/Offroad_ws/build/robot_control/build install --record /home/ubuntu/JK/ASU/MAE_598_AV/Offroad_ws/build/robot_control/install.log --single-version-externally-managed install_data
[4.600s] Level 1:colcon.colcon_core.environment:checking '/home/ubuntu/JK/ASU/MAE_598_AV/Offroad_ws/install/robot_control' for CMake config files
[4.601s] Level 1:colcon.colcon_core.environment:checking '/home/ubuntu/JK/ASU/MAE_598_AV/Offroad_ws/install/robot_control/lib'
[4.601s] Level 1:colcon.colcon_core.environment:checking '/home/ubuntu/JK/ASU/MAE_598_AV/Offroad_ws/install/robot_control/bin'
[4.601s] Level 1:colcon.colcon_core.environment:checking '/home/ubuntu/JK/ASU/MAE_598_AV/Offroad_ws/install/robot_control/lib/pkgconfig/robot_control.pc'
[4.601s] Level 1:colcon.colcon_core.environment:checking '/home/ubuntu/JK/ASU/MAE_598_AV/Offroad_ws/install/robot_control/lib/python3.10/site-packages'
[4.601s] Level 1:colcon.colcon_core.shell:create_environment_hook('robot_control', 'pythonpath')
[4.601s] INFO:colcon.colcon_core.shell:Creating environment hook '/home/ubuntu/JK/ASU/MAE_598_AV/Offroad_ws/install/robot_control/share/robot_control/hook/pythonpath.ps1'
[4.602s] INFO:colcon.colcon_core.shell:Creating environment descriptor '/home/ubuntu/JK/ASU/MAE_598_AV/Offroad_ws/install/robot_control/share/robot_control/hook/pythonpath.dsv'
[4.602s] INFO:colcon.colcon_core.shell:Creating environment hook '/home/ubuntu/JK/ASU/MAE_598_AV/Offroad_ws/install/robot_control/share/robot_control/hook/pythonpath.sh'
[4.602s] Level 1:colcon.colcon_core.environment:checking '/home/ubuntu/JK/ASU/MAE_598_AV/Offroad_ws/install/robot_control/bin'
[4.602s] Level 1:colcon.colcon_core.environment:create_environment_scripts_only(robot_control)
[4.602s] INFO:colcon.colcon_core.shell:Creating package script '/home/ubuntu/JK/ASU/MAE_598_AV/Offroad_ws/install/robot_control/share/robot_control/package.ps1'
[4.603s] INFO:colcon.colcon_core.shell:Creating package descriptor '/home/ubuntu/JK/ASU/MAE_598_AV/Offroad_ws/install/robot_control/share/robot_control/package.dsv'
[4.603s] INFO:colcon.colcon_core.shell:Creating package script '/home/ubuntu/JK/ASU/MAE_598_AV/Offroad_ws/install/robot_control/share/robot_control/package.sh'
[4.603s] INFO:colcon.colcon_core.shell:Creating package script '/home/ubuntu/JK/ASU/MAE_598_AV/Offroad_ws/install/robot_control/share/robot_control/package.bash'
[4.603s] INFO:colcon.colcon_core.shell:Creating package script '/home/ubuntu/JK/ASU/MAE_598_AV/Offroad_ws/install/robot_control/share/robot_control/package.zsh'
[4.604s] Level 1:colcon.colcon_core.environment:create_file_with_runtime_dependencies(/home/ubuntu/JK/ASU/MAE_598_AV/Offroad_ws/install/robot_control/share/colcon-core/packages/robot_control)
[4.604s] DEBUG:colcon.colcon_parallel_executor.executor.parallel:closing loop
[4.604s] DEBUG:colcon.colcon_parallel_executor.executor.parallel:loop closed
[4.604s] DEBUG:colcon.colcon_parallel_executor.executor.parallel:run_until_complete finished with '0'
[4.604s] DEBUG:colcon.colcon_core.event_reactor:joining thread
[4.657s] INFO:colcon.colcon_core.plugin_system:Skipping extension 'colcon_notification.desktop_notification.terminal_notifier': Not used on non-Darwin systems
[4.659s] INFO:colcon.colcon_core.plugin_system:Skipping extension 'colcon_notification.desktop_notification.win32': Not used on non-Windows systems
[4.659s] INFO:colcon.colcon_notification.desktop_notification:Sending desktop notification using 'notify2'
[4.683s] DEBUG:colcon.colcon_core.event_reactor:joined thread
[4.683s] INFO:colcon.colcon_core.shell:Creating prefix script '/home/ubuntu/JK/ASU/MAE_598_AV/Offroad_ws/install/local_setup.ps1'
[4.698s] INFO:colcon.colcon_core.shell:Creating prefix util module '/home/ubuntu/JK/ASU/MAE_598_AV/Offroad_ws/install/_local_setup_util_ps1.py'
[4.705s] INFO:colcon.colcon_core.shell:Creating prefix chain script '/home/ubuntu/JK/ASU/MAE_598_AV/Offroad_ws/install/setup.ps1'
[4.715s] INFO:colcon.colcon_core.shell:Creating prefix script '/home/ubuntu/JK/ASU/MAE_598_AV/Offroad_ws/install/local_setup.sh'
[4.728s] INFO:colcon.colcon_core.shell:Creating prefix util module '/home/ubuntu/JK/ASU/MAE_598_AV/Offroad_ws/install/_local_setup_util_sh.py'
[4.728s] INFO:colcon.colcon_core.shell:Creating prefix chain script '/home/ubuntu/JK/ASU/MAE_598_AV/Offroad_ws/install/setup.sh'
[4.737s] INFO:colcon.colcon_core.shell:Creating prefix script '/home/ubuntu/JK/ASU/MAE_598_AV/Offroad_ws/install/local_setup.bash'
[4.746s] INFO:colcon.colcon_core.shell:Creating prefix chain script '/home/ubuntu/JK/ASU/MAE_598_AV/Offroad_ws/install/setup.bash'
[4.748s] INFO:colcon.colcon_core.shell:Creating prefix script '/home/ubuntu/JK/ASU/MAE_598_AV/Offroad_ws/install/local_setup.zsh'
[4.750s] INFO:colcon.colcon_core.shell:Creating prefix chain script '/home/ubuntu/JK/ASU/MAE_598_AV/Offroad_ws/install/setup.zsh'
