[0.162s] Invoking command in '/home/ubuntu/JK/ASU/MAE_598_AV/Offroad_ws/build/vehicle_bringup': CMAKE_PREFIX_PATH=${CMAKE_PREFIX_PATH}:/home/ubuntu/JK/ASU/MAE_598_AV/Offroad_ws/install/robot_control:/opt/ros/humble /usr/bin/cmake --build /home/ubuntu/JK/ASU/MAE_598_AV/Offroad_ws/build/vehicle_bringup -- -j12 -l12
[0.184s] Invoked command in '/home/ubuntu/JK/ASU/MAE_598_AV/Offroad_ws/build/vehicle_bringup' returned '0': CMAKE_PREFIX_PATH=${CMAKE_PREFIX_PATH}:/home/ubuntu/JK/ASU/MAE_598_AV/Offroad_ws/install/robot_control:/opt/ros/humble /usr/bin/cmake --build /home/ubuntu/JK/ASU/MAE_598_AV/Offroad_ws/build/vehicle_bringup -- -j12 -l12
[0.202s] Invoking command in '/home/ubuntu/JK/ASU/MAE_598_AV/Offroad_ws/build/vehicle_bringup': CMAKE_PREFIX_PATH=${CMAKE_PREFIX_PATH}:/home/ubuntu/JK/ASU/MAE_598_AV/Offroad_ws/install/robot_control:/opt/ros/humble /usr/bin/cmake --install /home/ubuntu/JK/ASU/MAE_598_AV/Offroad_ws/build/vehicle_bringup
[0.207s] -- Install configuration: ""
[0.207s] -- Up-to-date: /home/ubuntu/JK/ASU/MAE_598_AV/Offroad_ws/install/vehicle_bringup/share/vehicle_bringup/launch
[0.207s] -- Up-to-date: /home/ubuntu/JK/ASU/MAE_598_AV/Offroad_ws/install/vehicle_bringup/share/vehicle_bringup/launch/testing.launch.py
[0.207s] -- Up-to-date: /home/ubuntu/JK/ASU/MAE_598_AV/Offroad_ws/install/vehicle_bringup/share/vehicle_bringup/launch/default.launch.py
[0.207s] -- Up-to-date: /home/ubuntu/JK/ASU/MAE_598_AV/Offroad_ws/install/vehicle_bringup/share/ament_index/resource_index/package_run_dependencies/vehicle_bringup
[0.207s] -- Up-to-date: /home/ubuntu/JK/ASU/MAE_598_AV/Offroad_ws/install/vehicle_bringup/share/ament_index/resource_index/parent_prefix_path/vehicle_bringup
[0.207s] -- Up-to-date: /home/ubuntu/JK/ASU/MAE_598_AV/Offroad_ws/install/vehicle_bringup/share/vehicle_bringup/environment/ament_prefix_path.sh
[0.207s] -- Up-to-date: /home/ubuntu/JK/ASU/MAE_598_AV/Offroad_ws/install/vehicle_bringup/share/vehicle_bringup/environment/ament_prefix_path.dsv
[0.207s] -- Up-to-date: /home/ubuntu/JK/ASU/MAE_598_AV/Offroad_ws/install/vehicle_bringup/share/vehicle_bringup/environment/path.sh
[0.208s] -- Up-to-date: /home/ubuntu/JK/ASU/MAE_598_AV/Offroad_ws/install/vehicle_bringup/share/vehicle_bringup/environment/path.dsv
[0.208s] -- Up-to-date: /home/ubuntu/JK/ASU/MAE_598_AV/Offroad_ws/install/vehicle_bringup/share/vehicle_bringup/local_setup.bash
[0.208s] -- Up-to-date: /home/ubuntu/JK/ASU/MAE_598_AV/Offroad_ws/install/vehicle_bringup/share/vehicle_bringup/local_setup.sh
[0.208s] -- Up-to-date: /home/ubuntu/JK/ASU/MAE_598_AV/Offroad_ws/install/vehicle_bringup/share/vehicle_bringup/local_setup.zsh
[0.208s] -- Up-to-date: /home/ubuntu/JK/ASU/MAE_598_AV/Offroad_ws/install/vehicle_bringup/share/vehicle_bringup/local_setup.dsv
[0.208s] -- Installing: /home/ubuntu/JK/ASU/MAE_598_AV/Offroad_ws/install/vehicle_bringup/share/vehicle_bringup/package.dsv
[0.208s] -- Up-to-date: /home/ubuntu/JK/ASU/MAE_598_AV/Offroad_ws/install/vehicle_bringup/share/ament_index/resource_index/packages/vehicle_bringup
[0.208s] -- Up-to-date: /home/ubuntu/JK/ASU/MAE_598_AV/Offroad_ws/install/vehicle_bringup/share/vehicle_bringup/cmake/vehicle_bringupConfig.cmake
[0.208s] -- Up-to-date: /home/ubuntu/JK/ASU/MAE_598_AV/Offroad_ws/install/vehicle_bringup/share/vehicle_bringup/cmake/vehicle_bringupConfig-version.cmake
[0.208s] -- Up-to-date: /home/ubuntu/JK/ASU/MAE_598_AV/Offroad_ws/install/vehicle_bringup/share/vehicle_bringup/package.xml
[0.209s] Invoked command in '/home/ubuntu/JK/ASU/MAE_598_AV/Offroad_ws/build/vehicle_bringup' returned '0': CMAKE_PREFIX_PATH=${CMAKE_PREFIX_PATH}:/home/ubuntu/JK/ASU/MAE_598_AV/Offroad_ws/install/robot_control:/opt/ros/humble /usr/bin/cmake --install /home/ubuntu/JK/ASU/MAE_598_AV/Offroad_ws/build/vehicle_bringup
