[0.062s] DEBUG:colcon:Command line arguments: ['/usr/bin/colcon', 'build']
[0.062s] DEBUG:colcon:Parsed command line arguments: Namespace(log_base=None, log_level=None, verb_name='build', build_base='build', install_base='install', merge_install=False, symlink_install=False, test_result_base=None, continue_on_error=False, executor='parallel', parallel_workers=12, event_handlers=None, ignore_user_meta=False, metas=['./colcon.meta'], base_paths=['.'], packages_ignore=None, packages_ignore_regex=None, paths=None, packages_up_to=None, packages_up_to_regex=None, packages_above=None, packages_above_and_dependencies=None, packages_above_depth=None, packages_select_by_dep=None, packages_skip_by_dep=None, packages_skip_up_to=None, packages_select_build_failed=False, packages_skip_build_finished=False, packages_select_test_failures=False, packages_skip_test_passed=False, packages_select=None, packages_skip=None, packages_select_regex=None, packages_skip_regex=None, packages_start=None, packages_end=None, allow_overriding=[], cmake_args=None, cmake_target=None, cmake_target_skip_unavailable=False, cmake_clean_cache=False, cmake_clean_first=False, cmake_force_configure=False, ament_cmake_args=None, catkin_cmake_args=None, catkin_skip_building_tests=False, mixin_files=None, mixin=None, verb_parser=<colcon_mixin.mixin.mixin_argument.MixinArgumentDecorator object at 0x7f7efe0da110>, verb_extension=<colcon_core.verb.build.BuildVerb object at 0x7f7efe0d9720>, main=<bound method BuildVerb.main of <colcon_core.verb.build.BuildVerb object at 0x7f7efe0d9720>>, mixin_verb=('build',))
[0.172s] Level 1:colcon.colcon_core.package_discovery:discover_packages(colcon_meta) check parameters
[0.173s] Level 1:colcon.colcon_core.package_discovery:discover_packages(recursive) check parameters
[0.173s] Level 1:colcon.colcon_core.package_discovery:discover_packages(ignore) check parameters
[0.173s] Level 1:colcon.colcon_core.package_discovery:discover_packages(path) check parameters
[0.173s] Level 1:colcon.colcon_core.package_discovery:discover_packages(colcon_meta) discover
[0.173s] Level 1:colcon.colcon_core.package_discovery:discover_packages(recursive) discover
[0.173s] INFO:colcon.colcon_core.package_discovery:Crawling recursively for packages in '/home/ubuntu/JK/ASU/MAE_598_AV/Offroad_ws'
[0.173s] Level 1:colcon.colcon_core.package_identification:_identify(.) by extensions ['ignore', 'ignore_ament_install']
[0.173s] Level 1:colcon.colcon_core.package_identification:_identify(.) by extension 'ignore'
[0.173s] Level 1:colcon.colcon_core.package_identification:_identify(.) by extension 'ignore_ament_install'
[0.173s] Level 1:colcon.colcon_core.package_identification:_identify(.) by extensions ['colcon_pkg']
[0.173s] Level 1:colcon.colcon_core.package_identification:_identify(.) by extension 'colcon_pkg'
[0.173s] Level 1:colcon.colcon_core.package_identification:_identify(.) by extensions ['colcon_meta']
[0.173s] Level 1:colcon.colcon_core.package_identification:_identify(.) by extension 'colcon_meta'
[0.173s] Level 1:colcon.colcon_core.package_identification:_identify(.) by extensions ['ros']
[0.173s] Level 1:colcon.colcon_core.package_identification:_identify(.) by extension 'ros'
[0.180s] Level 1:colcon.colcon_core.package_identification:_identify(.) by extensions ['cmake', 'python']
[0.180s] Level 1:colcon.colcon_core.package_identification:_identify(.) by extension 'cmake'
[0.180s] Level 1:colcon.colcon_core.package_identification:_identify(.) by extension 'python'
[0.180s] Level 1:colcon.colcon_core.package_identification:_identify(.) by extensions ['python_setup_py']
[0.180s] Level 1:colcon.colcon_core.package_identification:_identify(.) by extension 'python_setup_py'
[0.180s] Level 1:colcon.colcon_core.package_identification:_identify(build) by extensions ['ignore', 'ignore_ament_install']
[0.180s] Level 1:colcon.colcon_core.package_identification:_identify(build) by extension 'ignore'
[0.180s] Level 1:colcon.colcon_core.package_identification:_identify(build) ignored
[0.180s] Level 1:colcon.colcon_core.package_identification:_identify(install) by extensions ['ignore', 'ignore_ament_install']
[0.180s] Level 1:colcon.colcon_core.package_identification:_identify(install) by extension 'ignore'
[0.180s] Level 1:colcon.colcon_core.package_identification:_identify(install) ignored
[0.180s] Level 1:colcon.colcon_core.package_identification:_identify(log) by extensions ['ignore', 'ignore_ament_install']
[0.180s] Level 1:colcon.colcon_core.package_identification:_identify(log) by extension 'ignore'
[0.180s] Level 1:colcon.colcon_core.package_identification:_identify(log) ignored
[0.180s] Level 1:colcon.colcon_core.package_identification:_identify(src) by extensions ['ignore', 'ignore_ament_install']
[0.180s] Level 1:colcon.colcon_core.package_identification:_identify(src) by extension 'ignore'
[0.180s] Level 1:colcon.colcon_core.package_identification:_identify(src) by extension 'ignore_ament_install'
[0.180s] Level 1:colcon.colcon_core.package_identification:_identify(src) by extensions ['colcon_pkg']
[0.180s] Level 1:colcon.colcon_core.package_identification:_identify(src) by extension 'colcon_pkg'
[0.180s] Level 1:colcon.colcon_core.package_identification:_identify(src) by extensions ['colcon_meta']
[0.180s] Level 1:colcon.colcon_core.package_identification:_identify(src) by extension 'colcon_meta'
[0.180s] Level 1:colcon.colcon_core.package_identification:_identify(src) by extensions ['ros']
[0.180s] Level 1:colcon.colcon_core.package_identification:_identify(src) by extension 'ros'
[0.180s] Level 1:colcon.colcon_core.package_identification:_identify(src) by extensions ['cmake', 'python']
[0.180s] Level 1:colcon.colcon_core.package_identification:_identify(src) by extension 'cmake'
[0.180s] Level 1:colcon.colcon_core.package_identification:_identify(src) by extension 'python'
[0.180s] Level 1:colcon.colcon_core.package_identification:_identify(src) by extensions ['python_setup_py']
[0.180s] Level 1:colcon.colcon_core.package_identification:_identify(src) by extension 'python_setup_py'
[0.180s] Level 1:colcon.colcon_core.package_identification:_identify(src/robot_control) by extensions ['ignore', 'ignore_ament_install']
[0.181s] Level 1:colcon.colcon_core.package_identification:_identify(src/robot_control) by extension 'ignore'
[0.181s] Level 1:colcon.colcon_core.package_identification:_identify(src/robot_control) by extension 'ignore_ament_install'
[0.181s] Level 1:colcon.colcon_core.package_identification:_identify(src/robot_control) by extensions ['colcon_pkg']
[0.181s] Level 1:colcon.colcon_core.package_identification:_identify(src/robot_control) by extension 'colcon_pkg'
[0.181s] Level 1:colcon.colcon_core.package_identification:_identify(src/robot_control) by extensions ['colcon_meta']
[0.181s] Level 1:colcon.colcon_core.package_identification:_identify(src/robot_control) by extension 'colcon_meta'
[0.181s] Level 1:colcon.colcon_core.package_identification:_identify(src/robot_control) by extensions ['ros']
[0.181s] Level 1:colcon.colcon_core.package_identification:_identify(src/robot_control) by extension 'ros'
[0.183s] DEBUG:colcon.colcon_core.package_identification:Package 'src/robot_control' with type 'ros.ament_python' and name 'robot_control'
[0.183s] Level 1:colcon.colcon_core.package_identification:_identify(src/vehicle_bringup) by extensions ['ignore', 'ignore_ament_install']
[0.183s] Level 1:colcon.colcon_core.package_identification:_identify(src/vehicle_bringup) by extension 'ignore'
[0.183s] Level 1:colcon.colcon_core.package_identification:_identify(src/vehicle_bringup) by extension 'ignore_ament_install'
[0.183s] Level 1:colcon.colcon_core.package_identification:_identify(src/vehicle_bringup) by extensions ['colcon_pkg']
[0.183s] Level 1:colcon.colcon_core.package_identification:_identify(src/vehicle_bringup) by extension 'colcon_pkg'
[0.183s] Level 1:colcon.colcon_core.package_identification:_identify(src/vehicle_bringup) by extensions ['colcon_meta']
[0.183s] Level 1:colcon.colcon_core.package_identification:_identify(src/vehicle_bringup) by extension 'colcon_meta'
[0.183s] Level 1:colcon.colcon_core.package_identification:_identify(src/vehicle_bringup) by extensions ['ros']
[0.183s] Level 1:colcon.colcon_core.package_identification:_identify(src/vehicle_bringup) by extension 'ros'
[0.183s] DEBUG:colcon.colcon_core.package_identification:Package 'src/vehicle_bringup' with type 'ros.ament_cmake' and name 'vehicle_bringup'
[0.183s] Level 1:colcon.colcon_core.package_discovery:discover_packages(recursive) using defaults
[0.183s] Level 1:colcon.colcon_core.package_discovery:discover_packages(ignore) discover
[0.183s] Level 1:colcon.colcon_core.package_discovery:discover_packages(ignore) using defaults
[0.183s] Level 1:colcon.colcon_core.package_discovery:discover_packages(path) discover
[0.183s] Level 1:colcon.colcon_core.package_discovery:discover_packages(path) using defaults
[0.201s] Level 1:colcon.colcon_core.package_discovery:discover_packages(prefix_path) check parameters
[0.201s] Level 1:colcon.colcon_core.package_discovery:discover_packages(prefix_path) discover
[0.202s] DEBUG:colcon.colcon_installed_package_information.package_discovery:Found 2 installed packages in /home/ubuntu/JK/ASU/MAE_598_AV/Offroad_ws/install
[0.203s] DEBUG:colcon.colcon_installed_package_information.package_discovery:Found 279 installed packages in /opt/ros/humble
[0.204s] Level 1:colcon.colcon_core.package_discovery:discover_packages(prefix_path) using defaults
[0.224s] Level 5:colcon.colcon_core.verb:set package 'robot_control' build argument 'cmake_args' from command line to 'None'
[0.224s] Level 5:colcon.colcon_core.verb:set package 'robot_control' build argument 'cmake_target' from command line to 'None'
[0.224s] Level 5:colcon.colcon_core.verb:set package 'robot_control' build argument 'cmake_target_skip_unavailable' from command line to 'False'
[0.224s] Level 5:colcon.colcon_core.verb:set package 'robot_control' build argument 'cmake_clean_cache' from command line to 'False'
[0.224s] Level 5:colcon.colcon_core.verb:set package 'robot_control' build argument 'cmake_clean_first' from command line to 'False'
[0.224s] Level 5:colcon.colcon_core.verb:set package 'robot_control' build argument 'cmake_force_configure' from command line to 'False'
[0.224s] Level 5:colcon.colcon_core.verb:set package 'robot_control' build argument 'ament_cmake_args' from command line to 'None'
[0.224s] Level 5:colcon.colcon_core.verb:set package 'robot_control' build argument 'catkin_cmake_args' from command line to 'None'
[0.224s] Level 5:colcon.colcon_core.verb:set package 'robot_control' build argument 'catkin_skip_building_tests' from command line to 'False'
[0.224s] DEBUG:colcon.colcon_core.verb:Building package 'robot_control' with the following arguments: {'ament_cmake_args': None, 'build_base': '/home/ubuntu/JK/ASU/MAE_598_AV/Offroad_ws/build/robot_control', 'catkin_cmake_args': None, 'catkin_skip_building_tests': False, 'cmake_args': None, 'cmake_clean_cache': False, 'cmake_clean_first': False, 'cmake_force_configure': False, 'cmake_target': None, 'cmake_target_skip_unavailable': False, 'install_base': '/home/ubuntu/JK/ASU/MAE_598_AV/Offroad_ws/install/robot_control', 'merge_install': False, 'path': '/home/ubuntu/JK/ASU/MAE_598_AV/Offroad_ws/src/robot_control', 'symlink_install': False, 'test_result_base': None}
[0.224s] Level 5:colcon.colcon_core.verb:set package 'vehicle_bringup' build argument 'cmake_args' from command line to 'None'
[0.224s] Level 5:colcon.colcon_core.verb:set package 'vehicle_bringup' build argument 'cmake_target' from command line to 'None'
[0.224s] Level 5:colcon.colcon_core.verb:set package 'vehicle_bringup' build argument 'cmake_target_skip_unavailable' from command line to 'False'
[0.224s] Level 5:colcon.colcon_core.verb:set package 'vehicle_bringup' build argument 'cmake_clean_cache' from command line to 'False'
[0.224s] Level 5:colcon.colcon_core.verb:set package 'vehicle_bringup' build argument 'cmake_clean_first' from command line to 'False'
[0.224s] Level 5:colcon.colcon_core.verb:set package 'vehicle_bringup' build argument 'cmake_force_configure' from command line to 'False'
[0.224s] Level 5:colcon.colcon_core.verb:set package 'vehicle_bringup' build argument 'ament_cmake_args' from command line to 'None'
[0.224s] Level 5:colcon.colcon_core.verb:set package 'vehicle_bringup' build argument 'catkin_cmake_args' from command line to 'None'
[0.224s] Level 5:colcon.colcon_core.verb:set package 'vehicle_bringup' build argument 'catkin_skip_building_tests' from command line to 'False'
[0.224s] DEBUG:colcon.colcon_core.verb:Building package 'vehicle_bringup' with the following arguments: {'ament_cmake_args': None, 'build_base': '/home/ubuntu/JK/ASU/MAE_598_AV/Offroad_ws/build/vehicle_bringup', 'catkin_cmake_args': None, 'catkin_skip_building_tests': False, 'cmake_args': None, 'cmake_clean_cache': False, 'cmake_clean_first': False, 'cmake_force_configure': False, 'cmake_target': None, 'cmake_target_skip_unavailable': False, 'install_base': '/home/ubuntu/JK/ASU/MAE_598_AV/Offroad_ws/install/vehicle_bringup', 'merge_install': False, 'path': '/home/ubuntu/JK/ASU/MAE_598_AV/Offroad_ws/src/vehicle_bringup', 'symlink_install': False, 'test_result_base': None}
[0.224s] INFO:colcon.colcon_core.executor:Executing jobs using 'parallel' executor
[0.225s] DEBUG:colcon.colcon_parallel_executor.executor.parallel:run_until_complete
[0.225s] INFO:colcon.colcon_ros.task.ament_python.build:Building ROS package in '/home/ubuntu/JK/ASU/MAE_598_AV/Offroad_ws/src/robot_control' with build type 'ament_python'
[0.225s] Level 1:colcon.colcon_core.shell:create_environment_hook('robot_control', 'ament_prefix_path')
[0.227s] INFO:colcon.colcon_core.plugin_system:Skipping extension 'colcon_core.shell.bat': Not used on non-Windows systems
[0.227s] INFO:colcon.colcon_core.shell:Creating environment hook '/home/ubuntu/JK/ASU/MAE_598_AV/Offroad_ws/install/robot_control/share/robot_control/hook/ament_prefix_path.ps1'
[0.227s] INFO:colcon.colcon_core.shell:Creating environment descriptor '/home/ubuntu/JK/ASU/MAE_598_AV/Offroad_ws/install/robot_control/share/robot_control/hook/ament_prefix_path.dsv'
[0.227s] INFO:colcon.colcon_core.shell:Creating environment hook '/home/ubuntu/JK/ASU/MAE_598_AV/Offroad_ws/install/robot_control/share/robot_control/hook/ament_prefix_path.sh'
[0.228s] INFO:colcon.colcon_core.shell:Skip shell extension 'powershell' for command environment: Not usable outside of PowerShell
[0.228s] DEBUG:colcon.colcon_core.shell:Skip shell extension 'dsv' for command environment
[0.230s] INFO:colcon.colcon_ros.task.ament_cmake.build:Building ROS package in '/home/ubuntu/JK/ASU/MAE_598_AV/Offroad_ws/src/vehicle_bringup' with build type 'ament_cmake'
[0.230s] INFO:colcon.colcon_cmake.task.cmake.build:Building CMake package in '/home/ubuntu/JK/ASU/MAE_598_AV/Offroad_ws/src/vehicle_bringup'
[0.230s] INFO:colcon.colcon_core.shell:Skip shell extension 'powershell' for command environment: Not usable outside of PowerShell
[0.230s] DEBUG:colcon.colcon_core.shell:Skip shell extension 'dsv' for command environment
[0.404s] INFO:colcon.colcon_core.task.python.build:Building Python package in '/home/ubuntu/JK/ASU/MAE_598_AV/Offroad_ws/src/robot_control'
[0.404s] INFO:colcon.colcon_core.shell:Skip shell extension 'powershell' for command environment: Not usable outside of PowerShell
[0.404s] DEBUG:colcon.colcon_core.shell:Skip shell extension 'dsv' for command environment
[0.411s] DEBUG:colcon.colcon_core.event_handler.log_command:Invoking command in '/home/ubuntu/JK/ASU/MAE_598_AV/Offroad_ws/build/vehicle_bringup': CMAKE_PREFIX_PATH=${CMAKE_PREFIX_PATH}:/home/ubuntu/JK/ASU/MAE_598_AV/Offroad_ws/install/robot_control:/opt/ros/humble /usr/bin/cmake --build /home/ubuntu/JK/ASU/MAE_598_AV/Offroad_ws/build/vehicle_bringup -- -j12 -l12
[0.437s] DEBUG:colcon.colcon_core.event_handler.log_command:Invoked command in '/home/ubuntu/JK/ASU/MAE_598_AV/Offroad_ws/build/vehicle_bringup' returned '0': CMAKE_PREFIX_PATH=${CMAKE_PREFIX_PATH}:/home/ubuntu/JK/ASU/MAE_598_AV/Offroad_ws/install/robot_control:/opt/ros/humble /usr/bin/cmake --build /home/ubuntu/JK/ASU/MAE_598_AV/Offroad_ws/build/vehicle_bringup -- -j12 -l12
[0.463s] DEBUG:colcon.colcon_core.event_handler.log_command:Invoking command in '/home/ubuntu/JK/ASU/MAE_598_AV/Offroad_ws/build/vehicle_bringup': CMAKE_PREFIX_PATH=${CMAKE_PREFIX_PATH}:/home/ubuntu/JK/ASU/MAE_598_AV/Offroad_ws/install/robot_control:/opt/ros/humble /usr/bin/cmake --install /home/ubuntu/JK/ASU/MAE_598_AV/Offroad_ws/build/vehicle_bringup
[0.472s] Level 1:colcon.colcon_core.environment:create_environment_scripts_only(vehicle_bringup)
[0.472s] DEBUG:colcon.colcon_core.event_handler.log_command:Invoked command in '/home/ubuntu/JK/ASU/MAE_598_AV/Offroad_ws/build/vehicle_bringup' returned '0': CMAKE_PREFIX_PATH=${CMAKE_PREFIX_PATH}:/home/ubuntu/JK/ASU/MAE_598_AV/Offroad_ws/install/robot_control:/opt/ros/humble /usr/bin/cmake --install /home/ubuntu/JK/ASU/MAE_598_AV/Offroad_ws/build/vehicle_bringup
[0.475s] Level 1:colcon.colcon_core.environment:checking '/home/ubuntu/JK/ASU/MAE_598_AV/Offroad_ws/install/vehicle_bringup' for CMake module files
[0.476s] Level 1:colcon.colcon_core.environment:checking '/home/ubuntu/JK/ASU/MAE_598_AV/Offroad_ws/install/vehicle_bringup' for CMake config files
[0.476s] Level 1:colcon.colcon_core.shell:create_environment_hook('vehicle_bringup', 'cmake_prefix_path')
[0.476s] INFO:colcon.colcon_core.shell:Creating environment hook '/home/ubuntu/JK/ASU/MAE_598_AV/Offroad_ws/install/vehicle_bringup/share/vehicle_bringup/hook/cmake_prefix_path.ps1'
[0.476s] INFO:colcon.colcon_core.shell:Creating environment descriptor '/home/ubuntu/JK/ASU/MAE_598_AV/Offroad_ws/install/vehicle_bringup/share/vehicle_bringup/hook/cmake_prefix_path.dsv'
[0.477s] INFO:colcon.colcon_core.shell:Creating environment hook '/home/ubuntu/JK/ASU/MAE_598_AV/Offroad_ws/install/vehicle_bringup/share/vehicle_bringup/hook/cmake_prefix_path.sh'
[0.477s] Level 1:colcon.colcon_core.environment:checking '/home/ubuntu/JK/ASU/MAE_598_AV/Offroad_ws/install/vehicle_bringup/bin'
[0.478s] Level 1:colcon.colcon_core.environment:checking '/home/ubuntu/JK/ASU/MAE_598_AV/Offroad_ws/install/vehicle_bringup/lib/pkgconfig/vehicle_bringup.pc'
[0.478s] Level 1:colcon.colcon_core.environment:checking '/home/ubuntu/JK/ASU/MAE_598_AV/Offroad_ws/install/vehicle_bringup/lib/python3.10/site-packages'
[0.478s] Level 1:colcon.colcon_core.environment:checking '/home/ubuntu/JK/ASU/MAE_598_AV/Offroad_ws/install/vehicle_bringup/bin'
[0.478s] INFO:colcon.colcon_core.shell:Creating package script '/home/ubuntu/JK/ASU/MAE_598_AV/Offroad_ws/install/vehicle_bringup/share/vehicle_bringup/package.ps1'
[0.479s] INFO:colcon.colcon_core.shell:Creating package descriptor '/home/ubuntu/JK/ASU/MAE_598_AV/Offroad_ws/install/vehicle_bringup/share/vehicle_bringup/package.dsv'
[0.480s] INFO:colcon.colcon_core.shell:Creating package script '/home/ubuntu/JK/ASU/MAE_598_AV/Offroad_ws/install/vehicle_bringup/share/vehicle_bringup/package.sh'
[0.480s] INFO:colcon.colcon_core.shell:Creating package script '/home/ubuntu/JK/ASU/MAE_598_AV/Offroad_ws/install/vehicle_bringup/share/vehicle_bringup/package.bash'
[0.481s] INFO:colcon.colcon_core.shell:Creating package script '/home/ubuntu/JK/ASU/MAE_598_AV/Offroad_ws/install/vehicle_bringup/share/vehicle_bringup/package.zsh'
[0.481s] Level 1:colcon.colcon_core.environment:create_file_with_runtime_dependencies(/home/ubuntu/JK/ASU/MAE_598_AV/Offroad_ws/install/vehicle_bringup/share/colcon-core/packages/vehicle_bringup)
[0.497s] Level 1:colcon.colcon_core.environment:create_environment_scripts_only(vehicle_bringup)
[0.498s] Level 1:colcon.colcon_core.environment:checking '/home/ubuntu/JK/ASU/MAE_598_AV/Offroad_ws/install/vehicle_bringup' for CMake module files
[0.498s] Level 1:colcon.colcon_core.environment:checking '/home/ubuntu/JK/ASU/MAE_598_AV/Offroad_ws/install/vehicle_bringup' for CMake config files
[0.498s] Level 1:colcon.colcon_core.shell:create_environment_hook('vehicle_bringup', 'cmake_prefix_path')
[0.499s] INFO:colcon.colcon_core.shell:Creating environment hook '/home/ubuntu/JK/ASU/MAE_598_AV/Offroad_ws/install/vehicle_bringup/share/vehicle_bringup/hook/cmake_prefix_path.ps1'
[0.499s] INFO:colcon.colcon_core.shell:Creating environment descriptor '/home/ubuntu/JK/ASU/MAE_598_AV/Offroad_ws/install/vehicle_bringup/share/vehicle_bringup/hook/cmake_prefix_path.dsv'
[0.499s] INFO:colcon.colcon_core.shell:Creating environment hook '/home/ubuntu/JK/ASU/MAE_598_AV/Offroad_ws/install/vehicle_bringup/share/vehicle_bringup/hook/cmake_prefix_path.sh'
[0.500s] Level 1:colcon.colcon_core.environment:checking '/home/ubuntu/JK/ASU/MAE_598_AV/Offroad_ws/install/vehicle_bringup/bin'
[0.500s] Level 1:colcon.colcon_core.environment:checking '/home/ubuntu/JK/ASU/MAE_598_AV/Offroad_ws/install/vehicle_bringup/lib/pkgconfig/vehicle_bringup.pc'
[0.500s] Level 1:colcon.colcon_core.environment:checking '/home/ubuntu/JK/ASU/MAE_598_AV/Offroad_ws/install/vehicle_bringup/lib/python3.10/site-packages'
[0.500s] Level 1:colcon.colcon_core.environment:checking '/home/ubuntu/JK/ASU/MAE_598_AV/Offroad_ws/install/vehicle_bringup/bin'
[0.500s] INFO:colcon.colcon_core.shell:Creating package script '/home/ubuntu/JK/ASU/MAE_598_AV/Offroad_ws/install/vehicle_bringup/share/vehicle_bringup/package.ps1'
[0.501s] INFO:colcon.colcon_core.shell:Creating package descriptor '/home/ubuntu/JK/ASU/MAE_598_AV/Offroad_ws/install/vehicle_bringup/share/vehicle_bringup/package.dsv'
[0.501s] INFO:colcon.colcon_core.shell:Creating package script '/home/ubuntu/JK/ASU/MAE_598_AV/Offroad_ws/install/vehicle_bringup/share/vehicle_bringup/package.sh'
[0.501s] INFO:colcon.colcon_core.shell:Creating package script '/home/ubuntu/JK/ASU/MAE_598_AV/Offroad_ws/install/vehicle_bringup/share/vehicle_bringup/package.bash'
[0.501s] INFO:colcon.colcon_core.shell:Creating package script '/home/ubuntu/JK/ASU/MAE_598_AV/Offroad_ws/install/vehicle_bringup/share/vehicle_bringup/package.zsh'
[0.502s] Level 1:colcon.colcon_core.environment:create_file_with_runtime_dependencies(/home/ubuntu/JK/ASU/MAE_598_AV/Offroad_ws/install/vehicle_bringup/share/colcon-core/packages/vehicle_bringup)
[0.653s] DEBUG:colcon.colcon_core.event_handler.log_command:Invoking command in '/home/ubuntu/JK/ASU/MAE_598_AV/Offroad_ws/src/robot_control': PYTHONPATH=/home/ubuntu/JK/ASU/MAE_598_AV/Offroad_ws/build/robot_control/prefix_override:/home/ubuntu/JK/ASU/MAE_598_AV/Offroad_ws/install/robot_control/lib/python3.10/site-packages:${PYTHONPATH} /usr/bin/python3 -W ignore:setup.py install is deprecated setup.py egg_info --egg-base ../../build/robot_control build --build-base /home/ubuntu/JK/ASU/MAE_598_AV/Offroad_ws/build/robot_control/build install --record /home/ubuntu/JK/ASU/MAE_598_AV/Offroad_ws/build/robot_control/install.log --single-version-externally-managed install_data
[0.839s] Level 1:colcon.colcon_core.environment:checking '/home/ubuntu/JK/ASU/MAE_598_AV/Offroad_ws/install/robot_control' for CMake module files
[0.840s] DEBUG:colcon.colcon_core.event_handler.log_command:Invoked command in '/home/ubuntu/JK/ASU/MAE_598_AV/Offroad_ws/src/robot_control' returned '0': PYTHONPATH=/home/ubuntu/JK/ASU/MAE_598_AV/Offroad_ws/build/robot_control/prefix_override:/home/ubuntu/JK/ASU/MAE_598_AV/Offroad_ws/install/robot_control/lib/python3.10/site-packages:${PYTHONPATH} /usr/bin/python3 -W ignore:setup.py install is deprecated setup.py egg_info --egg-base ../../build/robot_control build --build-base /home/ubuntu/JK/ASU/MAE_598_AV/Offroad_ws/build/robot_control/build install --record /home/ubuntu/JK/ASU/MAE_598_AV/Offroad_ws/build/robot_control/install.log --single-version-externally-managed install_data
[0.840s] Level 1:colcon.colcon_core.environment:checking '/home/ubuntu/JK/ASU/MAE_598_AV/Offroad_ws/install/robot_control' for CMake config files
[0.840s] Level 1:colcon.colcon_core.environment:checking '/home/ubuntu/JK/ASU/MAE_598_AV/Offroad_ws/install/robot_control/lib'
[0.840s] Level 1:colcon.colcon_core.environment:checking '/home/ubuntu/JK/ASU/MAE_598_AV/Offroad_ws/install/robot_control/bin'
[0.840s] Level 1:colcon.colcon_core.environment:checking '/home/ubuntu/JK/ASU/MAE_598_AV/Offroad_ws/install/robot_control/lib/pkgconfig/robot_control.pc'
[0.840s] Level 1:colcon.colcon_core.environment:checking '/home/ubuntu/JK/ASU/MAE_598_AV/Offroad_ws/install/robot_control/lib/python3.10/site-packages'
[0.840s] Level 1:colcon.colcon_core.shell:create_environment_hook('robot_control', 'pythonpath')
[0.841s] INFO:colcon.colcon_core.shell:Creating environment hook '/home/ubuntu/JK/ASU/MAE_598_AV/Offroad_ws/install/robot_control/share/robot_control/hook/pythonpath.ps1'
[0.841s] INFO:colcon.colcon_core.shell:Creating environment descriptor '/home/ubuntu/JK/ASU/MAE_598_AV/Offroad_ws/install/robot_control/share/robot_control/hook/pythonpath.dsv'
[0.841s] INFO:colcon.colcon_core.shell:Creating environment hook '/home/ubuntu/JK/ASU/MAE_598_AV/Offroad_ws/install/robot_control/share/robot_control/hook/pythonpath.sh'
[0.841s] Level 1:colcon.colcon_core.environment:checking '/home/ubuntu/JK/ASU/MAE_598_AV/Offroad_ws/install/robot_control/bin'
[0.841s] Level 1:colcon.colcon_core.environment:create_environment_scripts_only(robot_control)
[0.841s] INFO:colcon.colcon_core.shell:Creating package script '/home/ubuntu/JK/ASU/MAE_598_AV/Offroad_ws/install/robot_control/share/robot_control/package.ps1'
[0.842s] INFO:colcon.colcon_core.shell:Creating package descriptor '/home/ubuntu/JK/ASU/MAE_598_AV/Offroad_ws/install/robot_control/share/robot_control/package.dsv'
[0.842s] INFO:colcon.colcon_core.shell:Creating package script '/home/ubuntu/JK/ASU/MAE_598_AV/Offroad_ws/install/robot_control/share/robot_control/package.sh'
[0.842s] INFO:colcon.colcon_core.shell:Creating package script '/home/ubuntu/JK/ASU/MAE_598_AV/Offroad_ws/install/robot_control/share/robot_control/package.bash'
[0.842s] INFO:colcon.colcon_core.shell:Creating package script '/home/ubuntu/JK/ASU/MAE_598_AV/Offroad_ws/install/robot_control/share/robot_control/package.zsh'
[0.842s] Level 1:colcon.colcon_core.environment:create_file_with_runtime_dependencies(/home/ubuntu/JK/ASU/MAE_598_AV/Offroad_ws/install/robot_control/share/colcon-core/packages/robot_control)
[0.842s] DEBUG:colcon.colcon_parallel_executor.executor.parallel:closing loop
[0.842s] DEBUG:colcon.colcon_parallel_executor.executor.parallel:loop closed
[0.842s] DEBUG:colcon.colcon_parallel_executor.executor.parallel:run_until_complete finished with '0'
[0.842s] DEBUG:colcon.colcon_core.event_reactor:joining thread
[0.847s] INFO:colcon.colcon_core.plugin_system:Skipping extension 'colcon_notification.desktop_notification.terminal_notifier': Not used on non-Darwin systems
[0.848s] INFO:colcon.colcon_core.plugin_system:Skipping extension 'colcon_notification.desktop_notification.win32': Not used on non-Windows systems
[0.848s] INFO:colcon.colcon_notification.desktop_notification:Sending desktop notification using 'notify2'
[0.860s] DEBUG:colcon.colcon_core.event_reactor:joined thread
[0.860s] INFO:colcon.colcon_core.shell:Creating prefix script '/home/ubuntu/JK/ASU/MAE_598_AV/Offroad_ws/install/local_setup.ps1'
[0.861s] INFO:colcon.colcon_core.shell:Creating prefix util module '/home/ubuntu/JK/ASU/MAE_598_AV/Offroad_ws/install/_local_setup_util_ps1.py'
[0.862s] INFO:colcon.colcon_core.shell:Creating prefix chain script '/home/ubuntu/JK/ASU/MAE_598_AV/Offroad_ws/install/setup.ps1'
[0.863s] INFO:colcon.colcon_core.shell:Creating prefix script '/home/ubuntu/JK/ASU/MAE_598_AV/Offroad_ws/install/local_setup.sh'
[0.864s] INFO:colcon.colcon_core.shell:Creating prefix util module '/home/ubuntu/JK/ASU/MAE_598_AV/Offroad_ws/install/_local_setup_util_sh.py'
[0.864s] INFO:colcon.colcon_core.shell:Creating prefix chain script '/home/ubuntu/JK/ASU/MAE_598_AV/Offroad_ws/install/setup.sh'
[0.864s] INFO:colcon.colcon_core.shell:Creating prefix script '/home/ubuntu/JK/ASU/MAE_598_AV/Offroad_ws/install/local_setup.bash'
[0.864s] INFO:colcon.colcon_core.shell:Creating prefix chain script '/home/ubuntu/JK/ASU/MAE_598_AV/Offroad_ws/install/setup.bash'
[0.865s] INFO:colcon.colcon_core.shell:Creating prefix script '/home/ubuntu/JK/ASU/MAE_598_AV/Offroad_ws/install/local_setup.zsh'
[0.865s] INFO:colcon.colcon_core.shell:Creating prefix chain script '/home/ubuntu/JK/ASU/MAE_598_AV/Offroad_ws/install/setup.zsh'
